TpTrace Verbose: 0 : 21416, 1, 2023/04/26, 11:45:15.627, 89957751598, vstest.console.dll, Version: 17.5.0-release-20221220-01 Current process architecture: X64
TpTrace Verbose: 0 : 21416, 1, 2023/04/26, 11:45:15.630, 89957776019, vstest.console.dll, Runtime location: C:\Program Files\dotnet\shared\Microsoft.NETCore.App\7.0.5
TpTrace Verbose: 0 : 21416, 1, 2023/04/26, 11:45:15.634, 89957817905, vstest.console.dll, ArtifactProcessingPostProcessModeProcessorExecutor.Initialize: ArtifactProcessingMode.Collect
TpTrace Verbose: 0 : 21416, 1, 2023/04/26, 11:45:15.634, 89957822112, vstest.console.dll, TestSessionCorrelationIdProcessorModeProcessorExecutor.Initialize: TestSessionCorrelationId '21964_713f21c2-5489-4bf7-a4f4-d31f0a7893d7'
TpTrace Information: 0 : 21416, 1, 2023/04/26, 11:45:15.646, 89957933729, vstest.console.dll, FilePatternParser: The given file C:\Users\RGTCP77\project\InternRApp\backend\backend\unit tests\bin\Debug\net7.0\fine-code-coverage\build-output\unit tests.dll is a full path.
TpTrace Verbose: 0 : 21416, 1, 2023/04/26, 11:45:15.652, 89958002286, vstest.console.dll, TestPluginCache.DiscoverTestExtensions: finding test extensions in assemblies ends with: RuntimeProvider.dll TPluginInfo: Microsoft.VisualStudio.TestPlatform.Common.ExtensionFramework.Utilities.TestRuntimePluginInformation TExtension: Microsoft.VisualStudio.TestPlatform.ObjectModel.Host.ITestRuntimeProvider
TpTrace Verbose: 0 : 21416, 1, 2023/04/26, 11:45:15.653, 89958008860, vstest.console.dll, TestPluginCache.GetExtensionPaths: Filtered extension paths: 
TpTrace Verbose: 0 : 21416, 1, 2023/04/26, 11:45:15.653, 89958011794, vstest.console.dll, TestPluginCache.GetExtensionPaths: Added default extension paths: C:\Program Files\dotnet\sdk\7.0.203\Extensions\Microsoft.Diagnostics.NETCore.Client.dll
C:\Program Files\dotnet\sdk\7.0.203\Extensions\Microsoft.TestPlatform.Extensions.BlameDataCollector.dll
C:\Program Files\dotnet\sdk\7.0.203\Extensions\Microsoft.TestPlatform.Extensions.EventLogCollector.dll
C:\Program Files\dotnet\sdk\7.0.203\Extensions\Microsoft.TestPlatform.TestHostRuntimeProvider.dll
C:\Program Files\dotnet\sdk\7.0.203\Extensions\Microsoft.VisualStudio.TestPlatform.Extensions.Html.TestLogger.dll
C:\Program Files\dotnet\sdk\7.0.203\Extensions\Microsoft.VisualStudio.TestPlatform.Extensions.Trx.TestLogger.dll
TpTrace Verbose: 0 : 21416, 1, 2023/04/26, 11:45:15.654, 89958014032, vstest.console.dll, TestPluginCache.GetExtensionPaths: Added unfilterableExtensionPaths: 
TpTrace Information: 0 : 21416, 1, 2023/04/26, 11:45:15.655, 89958023784, vstest.console.dll, AssemblyResolver.ctor: Creating AssemblyResolver with searchDirectories C:\Program Files\dotnet\sdk\7.0.203\Extensions,C:\Program Files\dotnet\sdk\7.0.203
TpTrace Verbose: 0 : 21416, 1, 2023/04/26, 11:45:15.656, 89958040140, vstest.console.dll, TestPluginCache.DiscoverTestExtensions: Discovering the extensions using extension path.
TpTrace Verbose: 0 : 21416, 1, 2023/04/26, 11:45:15.657, 89958043014, vstest.console.dll, TestPluginCache.GetExtensionPaths: Filtered extension paths: 
TpTrace Verbose: 0 : 21416, 1, 2023/04/26, 11:45:15.657, 89958044782, vstest.console.dll, TestPluginCache.GetExtensionPaths: Added default extension paths: C:\Program Files\dotnet\sdk\7.0.203\Extensions\Microsoft.Diagnostics.NETCore.Client.dll
C:\Program Files\dotnet\sdk\7.0.203\Extensions\Microsoft.TestPlatform.Extensions.BlameDataCollector.dll
C:\Program Files\dotnet\sdk\7.0.203\Extensions\Microsoft.TestPlatform.Extensions.EventLogCollector.dll
C:\Program Files\dotnet\sdk\7.0.203\Extensions\Microsoft.TestPlatform.TestHostRuntimeProvider.dll
C:\Program Files\dotnet\sdk\7.0.203\Extensions\Microsoft.VisualStudio.TestPlatform.Extensions.Html.TestLogger.dll
C:\Program Files\dotnet\sdk\7.0.203\Extensions\Microsoft.VisualStudio.TestPlatform.Extensions.Trx.TestLogger.dll
TpTrace Verbose: 0 : 21416, 1, 2023/04/26, 11:45:15.657, 89958046286, vstest.console.dll, TestPluginCache.GetExtensionPaths: Added unfilterableExtensionPaths: 
TpTrace Verbose: 0 : 21416, 1, 2023/04/26, 11:45:15.657, 89958048713, vstest.console.dll, TestPluginCache.DiscoverTestExtensions: Discovering the extensions using allExtensionPaths: C:\Program Files\dotnet\sdk\7.0.203\Extensions\Microsoft.Diagnostics.NETCore.Client.dll
C:\Program Files\dotnet\sdk\7.0.203\Extensions\Microsoft.TestPlatform.Extensions.BlameDataCollector.dll
C:\Program Files\dotnet\sdk\7.0.203\Extensions\Microsoft.TestPlatform.Extensions.EventLogCollector.dll
C:\Program Files\dotnet\sdk\7.0.203\Extensions\Microsoft.TestPlatform.TestHostRuntimeProvider.dll
C:\Program Files\dotnet\sdk\7.0.203\Extensions\Microsoft.VisualStudio.TestPlatform.Extensions.Html.TestLogger.dll
C:\Program Files\dotnet\sdk\7.0.203\Extensions\Microsoft.VisualStudio.TestPlatform.Extensions.Trx.TestLogger.dll
TpTrace Information: 0 : 21416, 1, 2023/04/26, 11:45:15.658, 89958053364, vstest.console.dll, AssemblyResolver.AddSearchDirectories: Adding more searchDirectories C:\Program Files\dotnet\sdk\7.0.203\Extensions,C:\Program Files\dotnet\sdk\7.0.203
TpTrace Information: 0 : 21416, 1, 2023/04/26, 11:45:15.658, 89958055373, vstest.console.dll, AssemblyResolver.AddSearchDirectories: Adding more searchDirectories C:\Program Files\dotnet\sdk\7.0.203\Extensions,C:\Program Files\dotnet\sdk\7.0.203
TpTrace Information: 0 : 21416, 1, 2023/04/26, 11:45:15.658, 89958056841, vstest.console.dll, AssemblyResolver.AddSearchDirectories: Adding more searchDirectories C:\Program Files\dotnet\sdk\7.0.203\Extensions,C:\Program Files\dotnet\sdk\7.0.203
TpTrace Information: 0 : 21416, 1, 2023/04/26, 11:45:15.658, 89958058403, vstest.console.dll, AssemblyResolver.AddSearchDirectories: Adding more searchDirectories C:\Program Files\dotnet\sdk\7.0.203\Extensions,C:\Program Files\dotnet\sdk\7.0.203
TpTrace Information: 0 : 21416, 1, 2023/04/26, 11:45:15.658, 89958059892, vstest.console.dll, AssemblyResolver.AddSearchDirectories: Adding more searchDirectories C:\Program Files\dotnet\sdk\7.0.203\Extensions,C:\Program Files\dotnet\sdk\7.0.203
TpTrace Information: 0 : 21416, 1, 2023/04/26, 11:45:15.658, 89958061405, vstest.console.dll, AssemblyResolver.AddSearchDirectories: Adding more searchDirectories C:\Program Files\dotnet\sdk\7.0.203\Extensions,C:\Program Files\dotnet\sdk\7.0.203
TpTrace Information: 0 : 21416, 1, 2023/04/26, 11:45:15.659, 89958067120, vstest.console.dll, AssemblyResolver.OnResolve: Microsoft.Diagnostics.NETCore.Client: Resolving assembly.
TpTrace Information: 0 : 21416, 1, 2023/04/26, 11:45:15.659, 89958069853, vstest.console.dll, AssemblyResolver.OnResolve: Microsoft.Diagnostics.NETCore.Client: Searching in: 'C:\Program Files\dotnet\sdk\7.0.203\Extensions'.
TpTrace Information: 0 : 21416, 1, 2023/04/26, 11:45:15.667, 89958147644, vstest.console.dll, AssemblyResolver.OnResolve: Microsoft.Diagnostics.NETCore.Client: Loading assembly 'C:\Program Files\dotnet\sdk\7.0.203\Extensions\Microsoft.Diagnostics.NETCore.Client.dll'.
TpTrace Information: 0 : 21416, 1, 2023/04/26, 11:45:15.668, 89958158839, vstest.console.dll, AssemblyResolver.OnResolve: Resolved assembly: Microsoft.Diagnostics.NETCore.Client, from path: C:\Program Files\dotnet\sdk\7.0.203\Extensions\Microsoft.Diagnostics.NETCore.Client.dll
TpTrace Verbose: 0 : 21416, 1, 2023/04/26, 11:45:15.670, 89958178945, vstest.console.dll, MetadataReaderExtensionsHelper: Discovering extensions inside assembly 'Microsoft.Diagnostics.NETCore.Client, Version=0.2.6.42401, Culture=neutral, PublicKeyToken=31bf3856ad364e35' file path 'C:\Program Files\dotnet\sdk\7.0.203\Extensions\Microsoft.Diagnostics.NETCore.Client.dll'
TpTrace Information: 0 : 21416, 1, 2023/04/26, 11:45:15.675, 89958232015, vstest.console.dll, AssemblyResolver.OnResolve: Microsoft.Bcl.AsyncInterfaces: Resolving assembly.
TpTrace Information: 0 : 21416, 1, 2023/04/26, 11:45:15.676, 89958234717, vstest.console.dll, AssemblyResolver.OnResolve: Microsoft.Bcl.AsyncInterfaces: Searching in: 'C:\Program Files\dotnet\sdk\7.0.203\Extensions'.
TpTrace Information: 0 : 21416, 1, 2023/04/26, 11:45:15.676, 89958237295, vstest.console.dll, AssemblyResolver.OnResolve: Microsoft.Bcl.AsyncInterfaces: Assembly path does not exist: 'C:\Program Files\dotnet\sdk\7.0.203\Extensions\Microsoft.Bcl.AsyncInterfaces.dll', returning.
TpTrace Information: 0 : 21416, 1, 2023/04/26, 11:45:15.676, 89958241611, vstest.console.dll, AssemblyResolver.OnResolve: Microsoft.Bcl.AsyncInterfaces: Assembly path does not exist: 'C:\Program Files\dotnet\sdk\7.0.203\Extensions\Microsoft.Bcl.AsyncInterfaces.exe', returning.
TpTrace Information: 0 : 21416, 1, 2023/04/26, 11:45:15.677, 89958243504, vstest.console.dll, AssemblyResolver.OnResolve: Microsoft.Bcl.AsyncInterfaces: Searching in: 'C:\Program Files\dotnet\sdk\7.0.203'.
TpTrace Information: 0 : 21416, 1, 2023/04/26, 11:45:15.677, 89958245682, vstest.console.dll, AssemblyResolver.OnResolve: Microsoft.Bcl.AsyncInterfaces: Assembly path does not exist: 'C:\Program Files\dotnet\sdk\7.0.203\Microsoft.Bcl.AsyncInterfaces.dll', returning.
TpTrace Information: 0 : 21416, 1, 2023/04/26, 11:45:15.677, 89958247732, vstest.console.dll, AssemblyResolver.OnResolve: Microsoft.Bcl.AsyncInterfaces: Assembly path does not exist: 'C:\Program Files\dotnet\sdk\7.0.203\Microsoft.Bcl.AsyncInterfaces.exe', returning.
TpTrace Information: 0 : 21416, 1, 2023/04/26, 11:45:15.677, 89958249474, vstest.console.dll, AssemblyResolver.OnResolve: Microsoft.Bcl.AsyncInterfaces: Failed to load assembly.
TpTrace Verbose: 0 : 21416, 1, 2023/04/26, 11:45:15.677, 89958251248, vstest.console.dll, CurrentDomainAssemblyResolve: Resolving assembly 'Microsoft.Bcl.AsyncInterfaces'.
TpTrace Information: 0 : 21416, 1, 2023/04/26, 11:45:15.678, 89958253237, vstest.console.dll, AssemblyResolver.OnResolve: Microsoft.Bcl.AsyncInterfaces: Resolving assembly.
TpTrace Information: 0 : 21416, 1, 2023/04/26, 11:45:15.678, 89958255009, vstest.console.dll, AssemblyResolver.OnResolve: Microsoft.Bcl.AsyncInterfaces: Resolved from cache.
TpTrace Verbose: 0 : 21416, 1, 2023/04/26, 11:45:15.678, 89958256648, vstest.console.dll, CurrentDomainAssemblyResolve: Resolving assembly 'Microsoft.Bcl.AsyncInterfaces'.
TpTrace Verbose: 0 : 21416, 1, 2023/04/26, 11:45:15.678, 89958258375, vstest.console.dll, CurrentDomainAssemblyResolve: Failed to resolve assembly 'Microsoft.Bcl.AsyncInterfaces'.
TpTrace Verbose: 0 : 21416, 1, 2023/04/26, 11:45:15.679, 89958271640, vstest.console.dll, CurrentDomainAssemblyResolve: Failed to resolve assembly 'Microsoft.Bcl.AsyncInterfaces'.
TpTrace Warning: 0 : 21416, 1, 2023/04/26, 11:45:15.688, 89958355808, vstest.console.dll, TestPluginDiscoverer: Failed to get types from assembly 'Microsoft.Diagnostics.NETCore.Client, Version=0.2.6.42401, Culture=neutral, PublicKeyToken=31bf3856ad364e35'. Error: System.Reflection.ReflectionTypeLoadException: Unable to load one or more of the requested types.
Could not load file or assembly 'Microsoft.Bcl.AsyncInterfaces, Version=1.0.0.0, Culture=neutral, PublicKeyToken=cc7b13ffcd2ddd51'. The system cannot find the file specified.
   at System.Reflection.RuntimeModule.GetTypes(RuntimeModule module)
   at System.Reflection.Assembly.GetTypes()
   at Microsoft.VisualStudio.TestPlatform.Common.ExtensionFramework.TestPluginDiscoverer.GetTestExtensionsFromAssembly[TPluginInfo,TExtension](Assembly assembly, Dictionary`2 pluginInfos, String filePath)
System.IO.FileNotFoundException: Could not load file or assembly 'Microsoft.Bcl.AsyncInterfaces, Version=1.0.0.0, Culture=neutral, PublicKeyToken=cc7b13ffcd2ddd51'. The system cannot find the file specified.
File name: 'Microsoft.Bcl.AsyncInterfaces, Version=1.0.0.0, Culture=neutral, PublicKeyToken=cc7b13ffcd2ddd51'
 ---> System.IO.FileNotFoundException: Could not load file or assembly 'Microsoft.Bcl.AsyncInterfaces, Culture=neutral, PublicKeyToken=null'. The system cannot find the file specified.
File name: 'Microsoft.Bcl.AsyncInterfaces, Culture=neutral, PublicKeyToken=null'
   at System.Reflection.RuntimeAssembly.InternalLoad(AssemblyName assemblyName, StackCrawlMark& stackMark, AssemblyLoadContext assemblyLoadContext, RuntimeAssembly requestingAssembly, Boolean throwOnFileNotFound)
   at System.Reflection.Assembly.Load(AssemblyName assemblyRef)
   at Microsoft.VisualStudio.TestPlatform.Common.ExtensionFramework.TestPluginCache.CurrentDomainAssemblyResolve(Object sender, AssemblyResolveEventArgs args)
   at System.Runtime.Loader.AssemblyLoadContext.GetFirstResolvedAssemblyFromResolvingEvent(AssemblyName assemblyName)
   at System.Runtime.Loader.AssemblyLoadContext.ResolveUsingEvent(AssemblyName assemblyName)
   at System.Runtime.Loader.AssemblyLoadContext.ResolveUsingResolvingEvent(IntPtr gchManagedAssemblyLoadContext, AssemblyName assemblyName)
TpTrace Warning: 0 : 21416, 1, 2023/04/26, 11:45:15.688, 89958361701, vstest.console.dll, LoaderExceptions: System.IO.FileNotFoundException: Could not load file or assembly 'Microsoft.Bcl.AsyncInterfaces, Version=1.0.0.0, Culture=neutral, PublicKeyToken=cc7b13ffcd2ddd51'. The system cannot find the file specified.
File name: 'Microsoft.Bcl.AsyncInterfaces, Version=1.0.0.0, Culture=neutral, PublicKeyToken=cc7b13ffcd2ddd51'
 ---> System.IO.FileNotFoundException: Could not load file or assembly 'Microsoft.Bcl.AsyncInterfaces, Culture=neutral, PublicKeyToken=null'. The system cannot find the file specified.
File name: 'Microsoft.Bcl.AsyncInterfaces, Culture=neutral, PublicKeyToken=null'
   at System.Reflection.RuntimeAssembly.InternalLoad(AssemblyName assemblyName, StackCrawlMark& stackMark, AssemblyLoadContext assemblyLoadContext, RuntimeAssembly requestingAssembly, Boolean throwOnFileNotFound)
   at System.Reflection.Assembly.Load(AssemblyName assemblyRef)
   at Microsoft.VisualStudio.TestPlatform.Common.ExtensionFramework.TestPluginCache.CurrentDomainAssemblyResolve(Object sender, AssemblyResolveEventArgs args)
   at System.Runtime.Loader.AssemblyLoadContext.GetFirstResolvedAssemblyFromResolvingEvent(AssemblyName assemblyName)
   at System.Runtime.Loader.AssemblyLoadContext.ResolveUsingEvent(AssemblyName assemblyName)
   at System.Runtime.Loader.AssemblyLoadContext.ResolveUsingResolvingEvent(IntPtr gchManagedAssemblyLoadContext, AssemblyName assemblyName)
TpTrace Information: 0 : 21416, 1, 2023/04/26, 11:45:15.689, 89958365144, vstest.console.dll, AssemblyResolver.OnResolve: Microsoft.TestPlatform.Extensions.BlameDataCollector: Resolving assembly.
TpTrace Information: 0 : 21416, 1, 2023/04/26, 11:45:15.689, 89958366763, vstest.console.dll, AssemblyResolver.OnResolve: Microsoft.TestPlatform.Extensions.BlameDataCollector: Searching in: 'C:\Program Files\dotnet\sdk\7.0.203\Extensions'.
TpTrace Information: 0 : 21416, 1, 2023/04/26, 11:45:15.689, 89958371890, vstest.console.dll, AssemblyResolver.OnResolve: Microsoft.TestPlatform.Extensions.BlameDataCollector: Loading assembly 'C:\Program Files\dotnet\sdk\7.0.203\Extensions\Microsoft.TestPlatform.Extensions.BlameDataCollector.dll'.
TpTrace Information: 0 : 21416, 1, 2023/04/26, 11:45:15.690, 89958378711, vstest.console.dll, AssemblyResolver.OnResolve: Resolved assembly: Microsoft.TestPlatform.Extensions.BlameDataCollector, from path: C:\Program Files\dotnet\sdk\7.0.203\Extensions\Microsoft.TestPlatform.Extensions.BlameDataCollector.dll
TpTrace Verbose: 0 : 21416, 1, 2023/04/26, 11:45:15.690, 89958380732, vstest.console.dll, MetadataReaderExtensionsHelper: Discovering extensions inside assembly 'Microsoft.TestPlatform.Extensions.BlameDataCollector, Version=15.0.0.0, Culture=neutral, PublicKeyToken=b03f5f7f11d50a3a' file path 'C:\Program Files\dotnet\sdk\7.0.203\Extensions\Microsoft.TestPlatform.Extensions.BlameDataCollector.dll'
TpTrace Information: 0 : 21416, 1, 2023/04/26, 11:45:15.692, 89958398150, vstest.console.dll, AssemblyResolver.OnResolve: Microsoft.TestPlatform.Extensions.EventLogCollector: Resolving assembly.
TpTrace Information: 0 : 21416, 1, 2023/04/26, 11:45:15.692, 89958400130, vstest.console.dll, AssemblyResolver.OnResolve: Microsoft.TestPlatform.Extensions.EventLogCollector: Searching in: 'C:\Program Files\dotnet\sdk\7.0.203\Extensions'.
TpTrace Information: 0 : 21416, 1, 2023/04/26, 11:45:15.693, 89958404284, vstest.console.dll, AssemblyResolver.OnResolve: Microsoft.TestPlatform.Extensions.EventLogCollector: Loading assembly 'C:\Program Files\dotnet\sdk\7.0.203\Extensions\Microsoft.TestPlatform.Extensions.EventLogCollector.dll'.
TpTrace Information: 0 : 21416, 1, 2023/04/26, 11:45:15.693, 89958411244, vstest.console.dll, AssemblyResolver.OnResolve: Resolved assembly: Microsoft.TestPlatform.Extensions.EventLogCollector, from path: C:\Program Files\dotnet\sdk\7.0.203\Extensions\Microsoft.TestPlatform.Extensions.EventLogCollector.dll
TpTrace Verbose: 0 : 21416, 1, 2023/04/26, 11:45:15.693, 89958412997, vstest.console.dll, MetadataReaderExtensionsHelper: Discovering extensions inside assembly 'Microsoft.TestPlatform.Extensions.EventLogCollector, Version=15.0.0.0, Culture=neutral, PublicKeyToken=b03f5f7f11d50a3a' file path 'C:\Program Files\dotnet\sdk\7.0.203\Extensions\Microsoft.TestPlatform.Extensions.EventLogCollector.dll'
TpTrace Information: 0 : 21416, 1, 2023/04/26, 11:45:15.696, 89958435273, vstest.console.dll, AssemblyResolver.OnResolve: Microsoft.TestPlatform.TestHostRuntimeProvider: Resolving assembly.
TpTrace Information: 0 : 21416, 1, 2023/04/26, 11:45:15.696, 89958437808, vstest.console.dll, AssemblyResolver.OnResolve: Microsoft.TestPlatform.TestHostRuntimeProvider: Searching in: 'C:\Program Files\dotnet\sdk\7.0.203\Extensions'.
TpTrace Information: 0 : 21416, 1, 2023/04/26, 11:45:15.696, 89958442152, vstest.console.dll, AssemblyResolver.OnResolve: Microsoft.TestPlatform.TestHostRuntimeProvider: Loading assembly 'C:\Program Files\dotnet\sdk\7.0.203\Extensions\Microsoft.TestPlatform.TestHostRuntimeProvider.dll'.
TpTrace Information: 0 : 21416, 1, 2023/04/26, 11:45:15.697, 89958447771, vstest.console.dll, AssemblyResolver.OnResolve: Resolved assembly: Microsoft.TestPlatform.TestHostRuntimeProvider, from path: C:\Program Files\dotnet\sdk\7.0.203\Extensions\Microsoft.TestPlatform.TestHostRuntimeProvider.dll
TpTrace Verbose: 0 : 21416, 1, 2023/04/26, 11:45:15.697, 89958449611, vstest.console.dll, MetadataReaderExtensionsHelper: Discovering extensions inside assembly 'Microsoft.TestPlatform.TestHostRuntimeProvider, Version=15.0.0.0, Culture=neutral, PublicKeyToken=b03f5f7f11d50a3a' file path 'C:\Program Files\dotnet\sdk\7.0.203\Extensions\Microsoft.TestPlatform.TestHostRuntimeProvider.dll'
TpTrace Information: 0 : 21416, 1, 2023/04/26, 11:45:15.699, 89958468034, vstest.console.dll, GetTestExtensionFromType: Register extension with identifier data 'HostProvider://DefaultTestHost' and type 'Microsoft.VisualStudio.TestPlatform.CrossPlatEngine.Hosting.DefaultTestHostManager, Microsoft.TestPlatform.TestHostRuntimeProvider, Version=15.0.0.0, Culture=neutral, PublicKeyToken=b03f5f7f11d50a3a' inside file 'C:\Program Files\dotnet\sdk\7.0.203\Extensions\Microsoft.TestPlatform.TestHostRuntimeProvider.dll'
TpTrace Information: 0 : 21416, 1, 2023/04/26, 11:45:15.699, 89958472810, vstest.console.dll, GetTestExtensionFromType: Register extension with identifier data 'HostProvider://DotnetTestHost' and type 'Microsoft.VisualStudio.TestPlatform.CrossPlatEngine.Hosting.DotnetTestHostManager, Microsoft.TestPlatform.TestHostRuntimeProvider, Version=15.0.0.0, Culture=neutral, PublicKeyToken=b03f5f7f11d50a3a' inside file 'C:\Program Files\dotnet\sdk\7.0.203\Extensions\Microsoft.TestPlatform.TestHostRuntimeProvider.dll'
TpTrace Information: 0 : 21416, 1, 2023/04/26, 11:45:15.700, 89958476560, vstest.console.dll, AssemblyResolver.OnResolve: Microsoft.VisualStudio.TestPlatform.Extensions.Html.TestLogger: Resolving assembly.
TpTrace Information: 0 : 21416, 1, 2023/04/26, 11:45:15.700, 89958478636, vstest.console.dll, AssemblyResolver.OnResolve: Microsoft.VisualStudio.TestPlatform.Extensions.Html.TestLogger: Searching in: 'C:\Program Files\dotnet\sdk\7.0.203\Extensions'.
TpTrace Information: 0 : 21416, 1, 2023/04/26, 11:45:15.701, 89958484096, vstest.console.dll, AssemblyResolver.OnResolve: Microsoft.VisualStudio.TestPlatform.Extensions.Html.TestLogger: Loading assembly 'C:\Program Files\dotnet\sdk\7.0.203\Extensions\Microsoft.VisualStudio.TestPlatform.Extensions.Html.TestLogger.dll'.
TpTrace Information: 0 : 21416, 1, 2023/04/26, 11:45:15.701, 89958490181, vstest.console.dll, AssemblyResolver.OnResolve: Resolved assembly: Microsoft.VisualStudio.TestPlatform.Extensions.Html.TestLogger, from path: C:\Program Files\dotnet\sdk\7.0.203\Extensions\Microsoft.VisualStudio.TestPlatform.Extensions.Html.TestLogger.dll
TpTrace Verbose: 0 : 21416, 1, 2023/04/26, 11:45:15.701, 89958492699, vstest.console.dll, MetadataReaderExtensionsHelper: Discovering extensions inside assembly 'Microsoft.VisualStudio.TestPlatform.Extensions.Html.TestLogger, Version=15.0.0.0, Culture=neutral, PublicKeyToken=b03f5f7f11d50a3a' file path 'C:\Program Files\dotnet\sdk\7.0.203\Extensions\Microsoft.VisualStudio.TestPlatform.Extensions.Html.TestLogger.dll'
TpTrace Information: 0 : 21416, 1, 2023/04/26, 11:45:15.703, 89958503570, vstest.console.dll, AssemblyResolver.OnResolve: Microsoft.VisualStudio.TestPlatform.Extensions.Trx.TestLogger: Resolving assembly.
TpTrace Information: 0 : 21416, 1, 2023/04/26, 11:45:15.703, 89958505185, vstest.console.dll, AssemblyResolver.OnResolve: Microsoft.VisualStudio.TestPlatform.Extensions.Trx.TestLogger: Searching in: 'C:\Program Files\dotnet\sdk\7.0.203\Extensions'.
TpTrace Information: 0 : 21416, 1, 2023/04/26, 11:45:15.703, 89958509200, vstest.console.dll, AssemblyResolver.OnResolve: Microsoft.VisualStudio.TestPlatform.Extensions.Trx.TestLogger: Loading assembly 'C:\Program Files\dotnet\sdk\7.0.203\Extensions\Microsoft.VisualStudio.TestPlatform.Extensions.Trx.TestLogger.dll'.
TpTrace Information: 0 : 21416, 1, 2023/04/26, 11:45:15.704, 89958515374, vstest.console.dll, AssemblyResolver.OnResolve: Resolved assembly: Microsoft.VisualStudio.TestPlatform.Extensions.Trx.TestLogger, from path: C:\Program Files\dotnet\sdk\7.0.203\Extensions\Microsoft.VisualStudio.TestPlatform.Extensions.Trx.TestLogger.dll
TpTrace Verbose: 0 : 21416, 1, 2023/04/26, 11:45:15.704, 89958517418, vstest.console.dll, MetadataReaderExtensionsHelper: Discovering extensions inside assembly 'Microsoft.VisualStudio.TestPlatform.Extensions.Trx.TestLogger, Version=15.0.0.0, Culture=neutral, PublicKeyToken=b03f5f7f11d50a3a' file path 'C:\Program Files\dotnet\sdk\7.0.203\Extensions\Microsoft.VisualStudio.TestPlatform.Extensions.Trx.TestLogger.dll'
TpTrace Verbose: 0 : 21416, 1, 2023/04/26, 11:45:15.705, 89958528221, vstest.console.dll, TestPluginCache: Discovered the extensions using extension path ''.
TpTrace Verbose: 0 : 21416, 1, 2023/04/26, 11:45:15.705, 89958529925, vstest.console.dll, TestPluginCache: Discoverers are ''.
TpTrace Verbose: 0 : 21416, 1, 2023/04/26, 11:45:15.705, 89958531182, vstest.console.dll, TestPluginCache: Executors are ''.
TpTrace Verbose: 0 : 21416, 1, 2023/04/26, 11:45:15.705, 89958532401, vstest.console.dll, TestPluginCache: Executors2 are ''.
TpTrace Verbose: 0 : 21416, 1, 2023/04/26, 11:45:15.706, 89958533624, vstest.console.dll, TestPluginCache: Setting providers are ''.
TpTrace Verbose: 0 : 21416, 1, 2023/04/26, 11:45:15.706, 89958534847, vstest.console.dll, TestPluginCache: Loggers are ''.
TpTrace Verbose: 0 : 21416, 1, 2023/04/26, 11:45:15.706, 89958536888, vstest.console.dll, TestPluginCache: TestHosts are 'HostProvider://DefaultTestHost,HostProvider://DotnetTestHost'.
TpTrace Verbose: 0 : 21416, 1, 2023/04/26, 11:45:15.706, 89958538287, vstest.console.dll, TestPluginCache: DataCollectors are ''.
TpTrace Information: 0 : 21416, 1, 2023/04/26, 11:45:15.715, 89958627314, vstest.console.dll, RunTestsArgumentProcessor:Execute: Test run is starting.
TpTrace Verbose: 0 : 21416, 1, 2023/04/26, 11:45:15.715, 89958631574, vstest.console.dll, RunTestsArgumentProcessor:Execute: Queuing Test run.
TpTrace Information: 0 : 21416, 1, 2023/04/26, 11:45:15.716, 89958636875, vstest.console.dll, TestRequestManager.RunTests: run tests started.
TpTrace Information: 0 : 21416, 1, 2023/04/26, 11:45:15.717, 89958651284, vstest.console.dll, AssemblyMetadataProvider.GetFrameworkName: Determined framework:'.NETCoreApp,Version=v7.0' for source: 'C:\Users\RGTCP77\project\InternRApp\backend\backend\unit tests\bin\Debug\net7.0\fine-code-coverage\build-output\unit tests.dll'
TpTrace Information: 0 : 21416, 1, 2023/04/26, 11:45:15.718, 89958654321, vstest.console.dll, Determined framework for all sources: .NETCoreApp,Version=v7.0
TpTrace Verbose: 0 : 21416, 1, 2023/04/26, 11:45:15.718, 89958660114, vstest.console.dll, TestRequestManager.UpdateRunSettingsIfRequired: Default architecture: X64 IsDefaultTargetArchitecture: True, Current process architecture: X64 OperatingSystem: Windows.
TpTrace Information: 0 : 21416, 1, 2023/04/26, 11:45:15.720, 89958676960, vstest.console.dll, AssemblyMetadataProvider.GetArchitecture: Determined architecture:AnyCPU info for assembly: C:\Users\RGTCP77\project\InternRApp\backend\backend\unit tests\bin\Debug\net7.0\fine-code-coverage\build-output\unit tests.dll
TpTrace Information: 0 : 21416, 1, 2023/04/26, 11:45:15.720, 89958678640, vstest.console.dll, Determined platform for source 'C:\Users\RGTCP77\project\InternRApp\backend\backend\unit tests\bin\Debug\net7.0\fine-code-coverage\build-output\unit tests.dll' was AnyCPU and it will use the default plaform X64.
TpTrace Information: 0 : 21416, 1, 2023/04/26, 11:45:15.720, 89958679919, vstest.console.dll, None of the sources provided any runnable platform, using the default platform: X64
TpTrace Information: 0 : 21416, 1, 2023/04/26, 11:45:15.720, 89958681567, vstest.console.dll, Platform was updated to 'X64'.
TpTrace Information: 0 : 21416, 1, 2023/04/26, 11:45:15.723, 89958709656, vstest.console.dll, InferRunSettingsHelper.IsTestSettingsEnabled: Unable to navigate to RunSettings/MSTest. Current node: RunSettings
TpTrace Information: 0 : 21416, 1, 2023/04/26, 11:45:15.724, 89958715914, vstest.console.dll, AssemblyResolver.OnResolve: Microsoft.VisualStudio.TestPlatform.Fakes: Resolving assembly.
TpTrace Information: 0 : 21416, 1, 2023/04/26, 11:45:15.724, 89958717531, vstest.console.dll, AssemblyResolver.OnResolve: Microsoft.VisualStudio.TestPlatform.Fakes: Searching in: 'C:\Program Files\dotnet\sdk\7.0.203\Extensions'.
TpTrace Information: 0 : 21416, 1, 2023/04/26, 11:45:15.724, 89958719586, vstest.console.dll, AssemblyResolver.OnResolve: Microsoft.VisualStudio.TestPlatform.Fakes: Assembly path does not exist: 'C:\Program Files\dotnet\sdk\7.0.203\Extensions\Microsoft.VisualStudio.TestPlatform.Fakes.dll', returning.
TpTrace Information: 0 : 21416, 1, 2023/04/26, 11:45:15.724, 89958721191, vstest.console.dll, AssemblyResolver.OnResolve: Microsoft.VisualStudio.TestPlatform.Fakes: Assembly path does not exist: 'C:\Program Files\dotnet\sdk\7.0.203\Extensions\Microsoft.VisualStudio.TestPlatform.Fakes.exe', returning.
TpTrace Information: 0 : 21416, 1, 2023/04/26, 11:45:15.724, 89958722410, vstest.console.dll, AssemblyResolver.OnResolve: Microsoft.VisualStudio.TestPlatform.Fakes: Searching in: 'C:\Program Files\dotnet\sdk\7.0.203'.
TpTrace Information: 0 : 21416, 1, 2023/04/26, 11:45:15.725, 89958723865, vstest.console.dll, AssemblyResolver.OnResolve: Microsoft.VisualStudio.TestPlatform.Fakes: Assembly path does not exist: 'C:\Program Files\dotnet\sdk\7.0.203\Microsoft.VisualStudio.TestPlatform.Fakes.dll', returning.
TpTrace Information: 0 : 21416, 1, 2023/04/26, 11:45:15.725, 89958725308, vstest.console.dll, AssemblyResolver.OnResolve: Microsoft.VisualStudio.TestPlatform.Fakes: Assembly path does not exist: 'C:\Program Files\dotnet\sdk\7.0.203\Microsoft.VisualStudio.TestPlatform.Fakes.exe', returning.
TpTrace Information: 0 : 21416, 1, 2023/04/26, 11:45:15.725, 89958726561, vstest.console.dll, AssemblyResolver.OnResolve: Microsoft.VisualStudio.TestPlatform.Fakes: Failed to load assembly.
TpTrace Information: 0 : 21416, 1, 2023/04/26, 11:45:15.725, 89958729604, vstest.console.dll, Failed to load assembly Microsoft.VisualStudio.TestPlatform.Fakes, Version=17.0.0.0, Culture=neutral. Reason:System.IO.FileNotFoundException: Could not load file or assembly 'Microsoft.VisualStudio.TestPlatform.Fakes, Version=17.0.0.0, Culture=neutral, PublicKeyToken=null'. The system cannot find the file specified.
File name: 'Microsoft.VisualStudio.TestPlatform.Fakes, Version=17.0.0.0, Culture=neutral, PublicKeyToken=null'
   at System.Reflection.RuntimeAssembly.InternalLoad(AssemblyName assemblyName, StackCrawlMark& stackMark, AssemblyLoadContext assemblyLoadContext, RuntimeAssembly requestingAssembly, Boolean throwOnFileNotFound)
   at System.Reflection.Assembly.Load(AssemblyName assemblyRef)
   at Microsoft.VisualStudio.TestPlatform.Common.Utilities.FakesUtilities.LoadTestPlatformAssembly()
TpTrace Verbose: 0 : 21416, 1, 2023/04/26, 11:45:15.728, 89958760084, vstest.console.dll, TestPluginCache.DiscoverTestExtensions: finding test extensions in assemblies ends with: TestLogger.dll TPluginInfo: Microsoft.VisualStudio.TestPlatform.Common.ExtensionFramework.Utilities.TestLoggerPluginInformation TExtension: Microsoft.VisualStudio.TestPlatform.ObjectModel.Client.ITestLogger
TpTrace Verbose: 0 : 21416, 1, 2023/04/26, 11:45:15.728, 89958762617, vstest.console.dll, TestPluginCache.GetExtensionPaths: Filtered extension paths: 
TpTrace Verbose: 0 : 21416, 1, 2023/04/26, 11:45:15.729, 89958764124, vstest.console.dll, TestPluginCache.GetExtensionPaths: Added default extension paths: C:\Program Files\dotnet\sdk\7.0.203\Extensions\Microsoft.Diagnostics.NETCore.Client.dll
C:\Program Files\dotnet\sdk\7.0.203\Extensions\Microsoft.TestPlatform.Extensions.BlameDataCollector.dll
C:\Program Files\dotnet\sdk\7.0.203\Extensions\Microsoft.TestPlatform.Extensions.EventLogCollector.dll
C:\Program Files\dotnet\sdk\7.0.203\Extensions\Microsoft.TestPlatform.TestHostRuntimeProvider.dll
C:\Program Files\dotnet\sdk\7.0.203\Extensions\Microsoft.VisualStudio.TestPlatform.Extensions.Html.TestLogger.dll
C:\Program Files\dotnet\sdk\7.0.203\Extensions\Microsoft.VisualStudio.TestPlatform.Extensions.Trx.TestLogger.dll
TpTrace Verbose: 0 : 21416, 1, 2023/04/26, 11:45:15.729, 89958765596, vstest.console.dll, TestPluginCache.GetExtensionPaths: Added unfilterableExtensionPaths: 
TpTrace Information: 0 : 21416, 1, 2023/04/26, 11:45:15.729, 89958768424, vstest.console.dll, AssemblyResolver.AddSearchDirectories: Adding more searchDirectories C:\Program Files\dotnet\sdk\7.0.203\Extensions,C:\Program Files\dotnet\sdk\7.0.203
TpTrace Verbose: 0 : 21416, 1, 2023/04/26, 11:45:15.729, 89958769962, vstest.console.dll, TestPluginCache.DiscoverTestExtensions: Discovering the extensions using extension path.
TpTrace Verbose: 0 : 21416, 1, 2023/04/26, 11:45:15.729, 89958771265, vstest.console.dll, TestPluginCache.GetExtensionPaths: Filtered extension paths: 
TpTrace Verbose: 0 : 21416, 1, 2023/04/26, 11:45:15.729, 89958772525, vstest.console.dll, TestPluginCache.GetExtensionPaths: Added default extension paths: C:\Program Files\dotnet\sdk\7.0.203\Extensions\Microsoft.Diagnostics.NETCore.Client.dll
C:\Program Files\dotnet\sdk\7.0.203\Extensions\Microsoft.TestPlatform.Extensions.BlameDataCollector.dll
C:\Program Files\dotnet\sdk\7.0.203\Extensions\Microsoft.TestPlatform.Extensions.EventLogCollector.dll
C:\Program Files\dotnet\sdk\7.0.203\Extensions\Microsoft.TestPlatform.TestHostRuntimeProvider.dll
C:\Program Files\dotnet\sdk\7.0.203\Extensions\Microsoft.VisualStudio.TestPlatform.Extensions.Html.TestLogger.dll
C:\Program Files\dotnet\sdk\7.0.203\Extensions\Microsoft.VisualStudio.TestPlatform.Extensions.Trx.TestLogger.dll
TpTrace Verbose: 0 : 21416, 1, 2023/04/26, 11:45:15.730, 89958773745, vstest.console.dll, TestPluginCache.GetExtensionPaths: Added unfilterableExtensionPaths: 
TpTrace Verbose: 0 : 21416, 1, 2023/04/26, 11:45:15.730, 89958774996, vstest.console.dll, TestPluginCache.DiscoverTestExtensions: Discovering the extensions using allExtensionPaths: C:\Program Files\dotnet\sdk\7.0.203\Extensions\Microsoft.Diagnostics.NETCore.Client.dll
C:\Program Files\dotnet\sdk\7.0.203\Extensions\Microsoft.TestPlatform.Extensions.BlameDataCollector.dll
C:\Program Files\dotnet\sdk\7.0.203\Extensions\Microsoft.TestPlatform.Extensions.EventLogCollector.dll
C:\Program Files\dotnet\sdk\7.0.203\Extensions\Microsoft.TestPlatform.TestHostRuntimeProvider.dll
C:\Program Files\dotnet\sdk\7.0.203\Extensions\Microsoft.VisualStudio.TestPlatform.Extensions.Html.TestLogger.dll
C:\Program Files\dotnet\sdk\7.0.203\Extensions\Microsoft.VisualStudio.TestPlatform.Extensions.Trx.TestLogger.dll
TpTrace Information: 0 : 21416, 1, 2023/04/26, 11:45:15.730, 89958780256, vstest.console.dll, AssemblyResolver.AddSearchDirectories: Adding more searchDirectories C:\Program Files\dotnet\sdk\7.0.203\Extensions,C:\Program Files\dotnet\sdk\7.0.203
TpTrace Information: 0 : 21416, 1, 2023/04/26, 11:45:15.730, 89958782065, vstest.console.dll, AssemblyResolver.AddSearchDirectories: Adding more searchDirectories C:\Program Files\dotnet\sdk\7.0.203\Extensions,C:\Program Files\dotnet\sdk\7.0.203
TpTrace Information: 0 : 21416, 1, 2023/04/26, 11:45:15.731, 89958784111, vstest.console.dll, AssemblyResolver.AddSearchDirectories: Adding more searchDirectories C:\Program Files\dotnet\sdk\7.0.203\Extensions,C:\Program Files\dotnet\sdk\7.0.203
TpTrace Information: 0 : 21416, 1, 2023/04/26, 11:45:15.731, 89958785700, vstest.console.dll, AssemblyResolver.AddSearchDirectories: Adding more searchDirectories C:\Program Files\dotnet\sdk\7.0.203\Extensions,C:\Program Files\dotnet\sdk\7.0.203
TpTrace Information: 0 : 21416, 1, 2023/04/26, 11:45:15.731, 89958787017, vstest.console.dll, AssemblyResolver.AddSearchDirectories: Adding more searchDirectories C:\Program Files\dotnet\sdk\7.0.203\Extensions,C:\Program Files\dotnet\sdk\7.0.203
TpTrace Information: 0 : 21416, 1, 2023/04/26, 11:45:15.731, 89958788443, vstest.console.dll, AssemblyResolver.AddSearchDirectories: Adding more searchDirectories C:\Program Files\dotnet\sdk\7.0.203\Extensions,C:\Program Files\dotnet\sdk\7.0.203
TpTrace Verbose: 0 : 21416, 1, 2023/04/26, 11:45:15.731, 89958791690, vstest.console.dll, MetadataReaderExtensionsHelper: Discovering extensions inside assembly 'Microsoft.Diagnostics.NETCore.Client, Version=0.2.6.42401, Culture=neutral, PublicKeyToken=31bf3856ad364e35' file path 'C:\Program Files\dotnet\sdk\7.0.203\Extensions\Microsoft.Diagnostics.NETCore.Client.dll'
TpTrace Information: 0 : 21416, 1, 2023/04/26, 11:45:15.733, 89958806614, vstest.console.dll, AssemblyResolver.OnResolve: Microsoft.Bcl.AsyncInterfaces: Resolving assembly.
TpTrace Information: 0 : 21416, 1, 2023/04/26, 11:45:15.733, 89958809641, vstest.console.dll, AssemblyResolver.OnResolve: Microsoft.Bcl.AsyncInterfaces: Resolved from cache.
TpTrace Verbose: 0 : 21416, 1, 2023/04/26, 11:45:15.733, 89958812194, vstest.console.dll, CurrentDomainAssemblyResolve: Resolving assembly 'Microsoft.Bcl.AsyncInterfaces'.
TpTrace Information: 0 : 21416, 1, 2023/04/26, 11:45:15.734, 89958815870, vstest.console.dll, AssemblyResolver.OnResolve: Microsoft.Bcl.AsyncInterfaces: Resolving assembly.
TpTrace Information: 0 : 21416, 1, 2023/04/26, 11:45:15.734, 89958818056, vstest.console.dll, AssemblyResolver.OnResolve: Microsoft.Bcl.AsyncInterfaces: Resolved from cache.
TpTrace Verbose: 0 : 21416, 1, 2023/04/26, 11:45:15.734, 89958820037, vstest.console.dll, CurrentDomainAssemblyResolve: Resolving assembly 'Microsoft.Bcl.AsyncInterfaces'.
TpTrace Verbose: 0 : 21416, 1, 2023/04/26, 11:45:15.735, 89958823279, vstest.console.dll, CurrentDomainAssemblyResolve: Failed to resolve assembly 'Microsoft.Bcl.AsyncInterfaces'.
TpTrace Verbose: 0 : 21416, 1, 2023/04/26, 11:45:15.735, 89958828986, vstest.console.dll, CurrentDomainAssemblyResolve: Failed to resolve assembly 'Microsoft.Bcl.AsyncInterfaces'.
TpTrace Warning: 0 : 21416, 1, 2023/04/26, 11:45:15.736, 89958833998, vstest.console.dll, TestPluginDiscoverer: Failed to get types from assembly 'Microsoft.Diagnostics.NETCore.Client, Version=0.2.6.42401, Culture=neutral, PublicKeyToken=31bf3856ad364e35'. Error: System.Reflection.ReflectionTypeLoadException: Unable to load one or more of the requested types.
Could not load file or assembly 'Microsoft.Bcl.AsyncInterfaces, Version=1.0.0.0, Culture=neutral, PublicKeyToken=cc7b13ffcd2ddd51'. The system cannot find the file specified.
   at System.Reflection.RuntimeModule.GetTypes(RuntimeModule module)
   at System.Reflection.Assembly.GetTypes()
   at Microsoft.VisualStudio.TestPlatform.Common.ExtensionFramework.TestPluginDiscoverer.GetTestExtensionsFromAssembly[TPluginInfo,TExtension](Assembly assembly, Dictionary`2 pluginInfos, String filePath)
System.IO.FileNotFoundException: Could not load file or assembly 'Microsoft.Bcl.AsyncInterfaces, Version=1.0.0.0, Culture=neutral, PublicKeyToken=cc7b13ffcd2ddd51'. The system cannot find the file specified.
File name: 'Microsoft.Bcl.AsyncInterfaces, Version=1.0.0.0, Culture=neutral, PublicKeyToken=cc7b13ffcd2ddd51'
 ---> System.IO.FileNotFoundException: Could not load file or assembly 'Microsoft.Bcl.AsyncInterfaces, Culture=neutral, PublicKeyToken=null'. The system cannot find the file specified.
File name: 'Microsoft.Bcl.AsyncInterfaces, Culture=neutral, PublicKeyToken=null'
   at System.Reflection.RuntimeAssembly.InternalLoad(AssemblyName assemblyName, StackCrawlMark& stackMark, AssemblyLoadContext assemblyLoadContext, RuntimeAssembly requestingAssembly, Boolean throwOnFileNotFound)
   at System.Reflection.Assembly.Load(AssemblyName assemblyRef)
   at Microsoft.VisualStudio.TestPlatform.Common.ExtensionFramework.TestPluginCache.CurrentDomainAssemblyResolve(Object sender, AssemblyResolveEventArgs args)
   at System.Runtime.Loader.AssemblyLoadContext.GetFirstResolvedAssemblyFromResolvingEvent(AssemblyName assemblyName)
   at System.Runtime.Loader.AssemblyLoadContext.ResolveUsingEvent(AssemblyName assemblyName)
   at System.Runtime.Loader.AssemblyLoadContext.ResolveUsingResolvingEvent(IntPtr gchManagedAssemblyLoadContext, AssemblyName assemblyName)
TpTrace Warning: 0 : 21416, 1, 2023/04/26, 11:45:15.736, 89958837137, vstest.console.dll, LoaderExceptions: System.IO.FileNotFoundException: Could not load file or assembly 'Microsoft.Bcl.AsyncInterfaces, Version=1.0.0.0, Culture=neutral, PublicKeyToken=cc7b13ffcd2ddd51'. The system cannot find the file specified.
File name: 'Microsoft.Bcl.AsyncInterfaces, Version=1.0.0.0, Culture=neutral, PublicKeyToken=cc7b13ffcd2ddd51'
 ---> System.IO.FileNotFoundException: Could not load file or assembly 'Microsoft.Bcl.AsyncInterfaces, Culture=neutral, PublicKeyToken=null'. The system cannot find the file specified.
File name: 'Microsoft.Bcl.AsyncInterfaces, Culture=neutral, PublicKeyToken=null'
   at System.Reflection.RuntimeAssembly.InternalLoad(AssemblyName assemblyName, StackCrawlMark& stackMark, AssemblyLoadContext assemblyLoadContext, RuntimeAssembly requestingAssembly, Boolean throwOnFileNotFound)
   at System.Reflection.Assembly.Load(AssemblyName assemblyRef)
   at Microsoft.VisualStudio.TestPlatform.Common.ExtensionFramework.TestPluginCache.CurrentDomainAssemblyResolve(Object sender, AssemblyResolveEventArgs args)
   at System.Runtime.Loader.AssemblyLoadContext.GetFirstResolvedAssemblyFromResolvingEvent(AssemblyName assemblyName)
   at System.Runtime.Loader.AssemblyLoadContext.ResolveUsingEvent(AssemblyName assemblyName)
   at System.Runtime.Loader.AssemblyLoadContext.ResolveUsingResolvingEvent(IntPtr gchManagedAssemblyLoadContext, AssemblyName assemblyName)
TpTrace Verbose: 0 : 21416, 1, 2023/04/26, 11:45:15.736, 89958839427, vstest.console.dll, MetadataReaderExtensionsHelper: Discovering extensions inside assembly 'Microsoft.TestPlatform.Extensions.BlameDataCollector, Version=15.0.0.0, Culture=neutral, PublicKeyToken=b03f5f7f11d50a3a' file path 'C:\Program Files\dotnet\sdk\7.0.203\Extensions\Microsoft.TestPlatform.Extensions.BlameDataCollector.dll'
TpTrace Information: 0 : 21416, 1, 2023/04/26, 11:45:15.737, 89958847513, vstest.console.dll, GetTestExtensionFromType: Register extension with identifier data 'logger://Microsoft/TestPlatform/Extensions/Blame/v1' and type 'Microsoft.TestPlatform.Extensions.BlameDataCollector.BlameLogger, Microsoft.TestPlatform.Extensions.BlameDataCollector, Version=15.0.0.0, Culture=neutral, PublicKeyToken=b03f5f7f11d50a3a' inside file 'C:\Program Files\dotnet\sdk\7.0.203\Extensions\Microsoft.TestPlatform.Extensions.BlameDataCollector.dll'
TpTrace Verbose: 0 : 21416, 1, 2023/04/26, 11:45:15.737, 89958849559, vstest.console.dll, MetadataReaderExtensionsHelper: Discovering extensions inside assembly 'Microsoft.TestPlatform.Extensions.EventLogCollector, Version=15.0.0.0, Culture=neutral, PublicKeyToken=b03f5f7f11d50a3a' file path 'C:\Program Files\dotnet\sdk\7.0.203\Extensions\Microsoft.TestPlatform.Extensions.EventLogCollector.dll'
TpTrace Verbose: 0 : 21416, 1, 2023/04/26, 11:45:15.738, 89958854091, vstest.console.dll, MetadataReaderExtensionsHelper: Discovering extensions inside assembly 'Microsoft.TestPlatform.TestHostRuntimeProvider, Version=15.0.0.0, Culture=neutral, PublicKeyToken=b03f5f7f11d50a3a' file path 'C:\Program Files\dotnet\sdk\7.0.203\Extensions\Microsoft.TestPlatform.TestHostRuntimeProvider.dll'
TpTrace Verbose: 0 : 21416, 1, 2023/04/26, 11:45:15.738, 89958858551, vstest.console.dll, MetadataReaderExtensionsHelper: Discovering extensions inside assembly 'Microsoft.VisualStudio.TestPlatform.Extensions.Html.TestLogger, Version=15.0.0.0, Culture=neutral, PublicKeyToken=b03f5f7f11d50a3a' file path 'C:\Program Files\dotnet\sdk\7.0.203\Extensions\Microsoft.VisualStudio.TestPlatform.Extensions.Html.TestLogger.dll'
TpTrace Information: 0 : 21416, 1, 2023/04/26, 11:45:15.739, 89958867108, vstest.console.dll, GetTestExtensionFromType: Register extension with identifier data 'logger://Microsoft/TestPlatform/HtmlLogger/v1' and type 'Microsoft.VisualStudio.TestPlatform.Extensions.HtmlLogger.HtmlLogger, Microsoft.VisualStudio.TestPlatform.Extensions.Html.TestLogger, Version=15.0.0.0, Culture=neutral, PublicKeyToken=b03f5f7f11d50a3a' inside file 'C:\Program Files\dotnet\sdk\7.0.203\Extensions\Microsoft.VisualStudio.TestPlatform.Extensions.Html.TestLogger.dll'
TpTrace Verbose: 0 : 21416, 1, 2023/04/26, 11:45:15.739, 89958870051, vstest.console.dll, MetadataReaderExtensionsHelper: Discovering extensions inside assembly 'Microsoft.VisualStudio.TestPlatform.Extensions.Trx.TestLogger, Version=15.0.0.0, Culture=neutral, PublicKeyToken=b03f5f7f11d50a3a' file path 'C:\Program Files\dotnet\sdk\7.0.203\Extensions\Microsoft.VisualStudio.TestPlatform.Extensions.Trx.TestLogger.dll'
TpTrace Information: 0 : 21416, 1, 2023/04/26, 11:45:15.740, 89958875450, vstest.console.dll, GetTestExtensionFromType: Register extension with identifier data 'logger://Microsoft/TestPlatform/TrxLogger/v1' and type 'Microsoft.VisualStudio.TestPlatform.Extensions.TrxLogger.TrxLogger, Microsoft.VisualStudio.TestPlatform.Extensions.Trx.TestLogger, Version=15.0.0.0, Culture=neutral, PublicKeyToken=b03f5f7f11d50a3a' inside file 'C:\Program Files\dotnet\sdk\7.0.203\Extensions\Microsoft.VisualStudio.TestPlatform.Extensions.Trx.TestLogger.dll'
TpTrace Verbose: 0 : 21416, 1, 2023/04/26, 11:45:15.740, 89958877849, vstest.console.dll, TestPluginCache: Discovered the extensions using extension path ''.
TpTrace Verbose: 0 : 21416, 1, 2023/04/26, 11:45:15.740, 89958879226, vstest.console.dll, TestPluginCache: Discoverers are ''.
TpTrace Verbose: 0 : 21416, 1, 2023/04/26, 11:45:15.740, 89958880411, vstest.console.dll, TestPluginCache: Executors are ''.
TpTrace Verbose: 0 : 21416, 1, 2023/04/26, 11:45:15.740, 89958881593, vstest.console.dll, TestPluginCache: Executors2 are ''.
TpTrace Verbose: 0 : 21416, 1, 2023/04/26, 11:45:15.740, 89958882724, vstest.console.dll, TestPluginCache: Setting providers are ''.
TpTrace Verbose: 0 : 21416, 1, 2023/04/26, 11:45:15.741, 89958884303, vstest.console.dll, TestPluginCache: Loggers are 'logger://Microsoft/TestPlatform/Extensions/Blame/v1,logger://Microsoft/TestPlatform/HtmlLogger/v1,logger://Microsoft/TestPlatform/TrxLogger/v1'.
TpTrace Verbose: 0 : 21416, 1, 2023/04/26, 11:45:15.741, 89958885604, vstest.console.dll, TestPluginCache: TestHosts are 'HostProvider://DefaultTestHost,HostProvider://DotnetTestHost'.
TpTrace Verbose: 0 : 21416, 1, 2023/04/26, 11:45:15.741, 89958886787, vstest.console.dll, TestPluginCache: DataCollectors are ''.
TpTrace Information: 0 : 21416, 1, 2023/04/26, 11:45:15.742, 89958897099, vstest.console.dll, TestPluginManager.CreateTestExtension: Attempting to load test extension: Microsoft.TestPlatform.Extensions.BlameDataCollector.BlameLogger
TpTrace Verbose: 0 : 21416, 1, 2023/04/26, 11:45:15.750, 89958981179, vstest.console.dll, TestEngine: Initializing Parallel Execution as MaxCpuCount is set to: 1
TpTrace Information: 0 : 21416, 1, 2023/04/26, 11:45:15.754, 89959013383, vstest.console.dll, TestPluginManager.CreateTestExtension: Attempting to load test extension: Microsoft.VisualStudio.TestPlatform.CrossPlatEngine.Hosting.DefaultTestHostManager
TpTrace Information: 0 : 21416, 1, 2023/04/26, 11:45:15.755, 89959026673, vstest.console.dll, TestPluginManager.CreateTestExtension: Attempting to load test extension: Microsoft.VisualStudio.TestPlatform.CrossPlatEngine.Hosting.DotnetTestHostManager
TpTrace Information: 0 : 21416, 1, 2023/04/26, 11:45:15.756, 89959037448, vstest.console.dll, InferRunSettingsHelper.IsTestSettingsEnabled: Unable to navigate to RunSettings/MSTest. Current node: RunSettings
TpTrace Verbose: 0 : 21416, 1, 2023/04/26, 11:45:15.761, 89959090229, vstest.console.dll, TestEngine.GetExecutionManager: Chosen execution manager 'Microsoft.VisualStudio.TestPlatform.CrossPlatEngine.Client.Parallel.ParallelProxyExecutionManager, Microsoft.TestPlatform.CrossPlatEngine, Version=15.0.0.0, Culture=neutral, PublicKeyToken=b03f5f7f11d50a3a' ParallelLevel '1'.
TpTrace Verbose: 0 : 21416, 1, 2023/04/26, 11:45:15.762, 89959094394, vstest.console.dll, TestRunRequest.ExecuteAsync: Creating test run request.
TpTrace Verbose: 0 : 21416, 1, 2023/04/26, 11:45:15.762, 89959099079, vstest.console.dll, TestRunRequest.ExecuteAsync: Starting.
TpTrace Information: 0 : 21416, 1, 2023/04/26, 11:45:15.763, 89959104767, vstest.console.dll, TestRunRequest.ExecuteAsync: Starting run with settings:TestRunCriteria:
   KeepAlive=False,FrequencyOfRunStatsChangeEvent=10,RunStatsChangeEventTimeout=00:00:01.5000000,TestCaseFilter=,TestExecutorLauncher=
   Settingsxml=<RunSettings>
  <RunConfiguration>
    <ResultsDirectory>C:\Users\RGTCP77\project\InternRApp\backend\backend\unit tests\bin\Debug\net7.0\fine-code-coverage\coverage-tool-output</ResultsDirectory>
    <TargetPlatform>X64</TargetPlatform>
    <TargetFrameworkVersion>.NETCoreApp,Version=v7.0</TargetFrameworkVersion>
    <DesignMode>False</DesignMode>
    <CollectSourceInformation>False</CollectSourceInformation>
  </RunConfiguration>
  <LoggerRunSettings>
    <Loggers>
      <Logger friendlyName="blame" enabled="True" />
      <Logger friendlyName="Console" uri="logger://microsoft/TestPlatform/ConsoleLogger/v1" assemblyQualifiedName="Microsoft.VisualStudio.TestPlatform.CommandLine.Internal.ConsoleLogger, vstest.console, Version=15.0.0.0, Culture=neutral, PublicKeyToken=b03f5f7f11d50a3a" codeBase="C:\Program Files\dotnet\sdk\7.0.203\vstest.console.dll" enabled="True" />
    </Loggers>
  </LoggerRunSettings>
  <DataCollectionRunSettings>
    <DataCollectors>
      <DataCollector friendlyName="blame" enabled="True">
        <Configuration>
          <ResultsDirectory>C:\Users\RGTCP77\project\InternRApp\backend\backend\unit tests\bin\Debug\net7.0\fine-code-coverage\coverage-tool-output</ResultsDirectory>
        </Configuration>
      </DataCollector>
    </DataCollectors>
  </DataCollectionRunSettings>
</RunSettings>

TpTrace Verbose: 0 : 21416, 1, 2023/04/26, 11:45:15.763, 89959107051, vstest.console.dll, TestRunRequest.ExecuteAsync: Wait for the first run request is over.
TpTrace Verbose: 0 : 21416, 1, 2023/04/26, 11:45:15.763, 89959111947, vstest.console.dll, MulticastDelegateUtilities.SafeInvoke: TestRun.TestRunStart: Invoking callbacks was skipped because there are no subscribers.
TpTrace Verbose: 0 : 21416, 4, 2023/04/26, 11:45:15.764, 89959115478, vstest.console.dll, MulticastDelegateUtilities.SafeInvoke: InternalTestLoggerEvents.SendTestRunStart: Invoking callback 1/1 for Microsoft.VisualStudio.TestPlatform.CommandLine.Internal.ConsoleLogger., took 0 ms.
TpTrace Verbose: 0 : 21416, 1, 2023/04/26, 11:45:15.765, 89959130702, vstest.console.dll, ParallelProxyExecutionManager: Start execution. Total sources: 1
TpTrace Verbose: 0 : 21416, 1, 2023/04/26, 11:45:15.768, 89959154488, vstest.console.dll, TestRequestSender is acting as server.
TpTrace Verbose: 0 : 21416, 1, 2023/04/26, 11:45:15.769, 89959170390, vstest.console.dll, DataCollectionRequestSender.InitializeCommunication : Initialize communication. 
TpTrace Information: 0 : 21416, 1, 2023/04/26, 11:45:15.776, 89959237334, vstest.console.dll, Listening on Endpoint : 127.0.0.1:58699
TpTrace Verbose: 0 : 21416, 1, 2023/04/26, 11:45:15.785, 89959327233, vstest.console.dll, DotnetDataCollectionLauncher: Adding  --runtimeconfig "C:\Program Files\dotnet\sdk\7.0.203\datacollector.runtimeconfig.json" in args
TpTrace Verbose: 0 : 21416, 1, 2023/04/26, 11:45:15.785, 89959330515, vstest.console.dll, DotnetDataCollectionLauncher: Adding  --depsfile "C:\Program Files\dotnet\sdk\7.0.203\datacollector.deps.json" in args
TpTrace Verbose: 0 : 21416, 1, 2023/04/26, 11:45:15.786, 89959337084, vstest.console.dll, DotnetDataCollectionLauncher: Full path of dotnet.exe is C:\Program Files\dotnet\dotnet.exe
TpTrace Information: 0 : 21416, 1, 2023/04/26, 11:45:15.825, 89959732839, vstest.console.dll, ProxyDataCollectionManager.Initialize: Launched datacollector processId: 18108 port: 58699
TpTrace Information: 0 : 21416, 1, 2023/04/26, 11:45:15.826, 89959737704, vstest.console.dll, ProxyDataCollectionManager.Initialize: waiting for connection with timeout: 90 seconds
TpTrace Verbose: 0 : 21416, 1, 2023/04/26, 11:45:15.827, 89959748468, vstest.console.dll, DataCollectionRequestSender.WaitForRequestHandlerConnection : Waiting for connection with timeout: 90000
TpTrace Information: 0 : 21416, 7, 2023/04/26, 11:45:16.033, 89961810815, vstest.console.dll, Using the buffer size of 16384 bytes
TpTrace Verbose: 0 : 21416, 1, 2023/04/26, 11:45:16.033, 89961811340, vstest.console.dll, SocketCommunicationManager.WaitForClientConnection took: 205 ms, with 90000 ms timeout, and finished with True.
TpTrace Information: 0 : 21416, 7, 2023/04/26, 11:45:16.034, 89961815646, vstest.console.dll, Accepted Client request and set the flag
TpTrace Verbose: 0 : 21416, 1, 2023/04/26, 11:45:16.034, 89961818914, vstest.console.dll, ProxyDataCollectionManager.InvokeDataCollectionServiceAction: Starting.
TpTrace Information: 0 : 21416, 1, 2023/04/26, 11:45:16.035, 89961823811, vstest.console.dll, ProxyDataCollectionManager.BeforeTestRunStart: Get environment variable and port for datacollector processId: 18108 port: 58699
TpTrace Verbose: 0 : 21416, 1, 2023/04/26, 11:45:16.035, 89961830072, vstest.console.dll, DataCollectionRequestSender.SendBeforeTestRunStartAndGetResult: Send BeforeTestRunStart message with settingsXml <RunSettings><RunConfiguration><ResultsDirectory>C:\Users\RGTCP77\project\InternRApp\backend\backend\unit tests\bin\Debug\net7.0\fine-code-coverage\coverage-tool-output</ResultsDirectory><TargetPlatform>X64</TargetPlatform><TargetFrameworkVersion>.NETCoreApp,Version=v7.0</TargetFrameworkVersion><DesignMode>False</DesignMode><CollectSourceInformation>False</CollectSourceInformation><TestAdaptersPaths>C:\Program Files\dotnet\sdk\7.0.203\Extensions</TestAdaptersPaths></RunConfiguration><LoggerRunSettings><Loggers><Logger friendlyName="blame" enabled="True" /><Logger friendlyName="Console" uri="logger://microsoft/TestPlatform/ConsoleLogger/v1" assemblyQualifiedName="Microsoft.VisualStudio.TestPlatform.CommandLine.Internal.ConsoleLogger, vstest.console, Version=15.0.0.0, Culture=neutral, PublicKeyToken=b03f5f7f11d50a3a" codeBase="C:\Program Files\dotnet\sdk\7.0.203\vstest.console.dll" enabled="True" /></Loggers></LoggerRunSettings><DataCollectionRunSettings><DataCollectors><DataCollector friendlyName="blame" enabled="True"><Configuration><ResultsDirectory>C:\Users\RGTCP77\project\InternRApp\backend\backend\unit tests\bin\Debug\net7.0\fine-code-coverage\coverage-tool-output</ResultsDirectory></Configuration></DataCollector></DataCollectors></DataCollectionRunSettings></RunSettings> and sources System.Collections.Generic.List`1[System.String]: 
TpTrace Verbose: 0 : 21416, 1, 2023/04/26, 11:45:16.118, 89962653645, vstest.console.dll, DataCollectionRequestSender.SendBeforeTestRunStartAndGetResult: Received message: (DataCollection.SendMessage) -> {"MessageType":"DataCollection.SendMessage","Payload":{"FriendlyName":null,"Uri":null,"TestCaseId":"00000000-0000-0000-0000-000000000000","Message":"Logging DataCollector Diagnostics in file: C:\\Users\\RGTCP77\\project\\InternRApp\\backend\\backend\\unit tests\\bin\\Debug\\net7.0\\fine-code-coverage\\coverage-tool-output\\diagnostics.datacollector.23-04-26_11-45-15_78501_1.log","Level":0}}
TpTrace Verbose: 0 : 21416, 1, 2023/04/26, 11:45:16.215, 89963630579, vstest.console.dll, DataCollectionRequestSender.SendBeforeTestRunStartAndGetResult: Received message: (DataCollection.BeforeTestRunStartResult) -> {"MessageType":"DataCollection.BeforeTestRunStartResult","Payload":{"EnvironmentVariables":{},"DataCollectionEventsPort":58701}}
TpTrace Information: 0 : 21416, 1, 2023/04/26, 11:45:16.221, 89963687589, vstest.console.dll, ProxyDataCollectionManager.BeforeTestRunStart: SendBeforeTestRunStartAndGetResult successful, env variable from datacollector:   and testhost port: 58701
TpTrace Information: 0 : 21416, 1, 2023/04/26, 11:45:16.221, 89963690274, vstest.console.dll, ProxyDataCollectionManager.InvokeDataCollectionServiceAction: Completed.
TpTrace Verbose: 0 : 21416, 7, 2023/04/26, 11:45:16.221, 89963692446, vstest.console.dll, ParallelProxyExecutionManager: Execution started. Started clients: 1
TpTrace Verbose: 0 : 21416, 1, 2023/04/26, 11:45:16.221, 89963692669, vstest.console.dll, ProxyParallelExecutionManager: No sources available for execution.
TpTrace Verbose: 0 : 21416, 7, 2023/04/26, 11:45:16.222, 89963696624, vstest.console.dll, TestRunRequest:SendTestRunMessage: Starting.
TpTrace Information: 0 : 21416, 1, 2023/04/26, 11:45:16.222, 89963696846, vstest.console.dll, TestRunRequest.ExecuteAsync: Started.
TpTrace Verbose: 0 : 21416, 1, 2023/04/26, 11:45:16.222, 89963700837, vstest.console.dll, TestRunRequest.WaitForCompletion: Waiting with timeout -1.
TpTrace Verbose: 0 : 21416, 7, 2023/04/26, 11:45:16.222, 89963701526, vstest.console.dll, MulticastDelegateUtilities.SafeInvoke: TestRun.LogMessages: Invoking callback 1/1 for Microsoft.VisualStudio.TestPlatform.CommandLine.TestRunResultAggregator., took 0 ms.
TpTrace Verbose: 0 : 21416, 4, 2023/04/26, 11:45:16.223, 89963703601, vstest.console.dll, MulticastDelegateUtilities.SafeInvoke: InternalTestLoggerEvents.SendTestRunMessage: Invoking callback 1/1 for Microsoft.VisualStudio.TestPlatform.CommandLine.Internal.ConsoleLogger., took 0 ms.
TpTrace Information: 0 : 21416, 7, 2023/04/26, 11:45:16.223, 89963704441, vstest.console.dll, TestRunRequest:SendTestRunMessage: Completed.
TpTrace Verbose: 0 : 21416, 7, 2023/04/26, 11:45:16.223, 89963708364, vstest.console.dll, ProxyExecutionManager: Test host is always Lazy initialize.
TpTrace Verbose: 0 : 21416, 7, 2023/04/26, 11:45:16.223, 89963711863, vstest.console.dll, TestRequestSender.InitializeCommunication: initialize communication. 
TpTrace Information: 0 : 21416, 7, 2023/04/26, 11:45:16.224, 89963719089, vstest.console.dll, SocketServer.Start: Listening on endpoint : 127.0.0.1:58702
TpTrace Verbose: 0 : 21416, 7, 2023/04/26, 11:45:16.225, 89963729939, vstest.console.dll, DotnetTestHostmanager.GetTestHostProcessStartInfo: Platform environment 'X64' target architecture 'X64' framework '.NETCoreApp,Version=v7.0' OS 'Windows'
TpTrace Verbose: 0 : 21416, 7, 2023/04/26, 11:45:16.226, 89963733987, vstest.console.dll, DotnetTestHostmanager: Adding  --runtimeconfig "C:\Users\RGTCP77\project\InternRApp\backend\backend\unit tests\bin\Debug\net7.0\fine-code-coverage\build-output\unit tests.runtimeconfig.json" in args
TpTrace Verbose: 0 : 21416, 7, 2023/04/26, 11:45:16.226, 89963736599, vstest.console.dll, DotnetTestHostmanager: Adding  --depsfile "C:\Users\RGTCP77\project\InternRApp\backend\backend\unit tests\bin\Debug\net7.0\fine-code-coverage\build-output\unit tests.deps.json" in args
TpTrace Verbose: 0 : 21416, 7, 2023/04/26, 11:45:16.226, 89963739595, vstest.console.dll, DotnetTestHostmanager.IsWinOnArm: Current PROCESSOR_ARCHITECTURE from environment variable 'AMD64'
TpTrace Verbose: 0 : 21416, 7, 2023/04/26, 11:45:16.226, 89963741245, vstest.console.dll, DotnetTestHostmanager.IsWinOnArm: Is Windows on ARM 'False'
TpTrace Verbose: 0 : 21416, 7, 2023/04/26, 11:45:16.227, 89963743567, vstest.console.dll, DotnetTestHostManager: testhost.exe found at path: C:\Users\RGTCP77\project\InternRApp\backend\backend\unit tests\bin\Debug\net7.0\fine-code-coverage\build-output\testhost.exe
TpTrace Verbose: 0 : 21416, 7, 2023/04/26, 11:45:16.227, 89963745023, vstest.console.dll, DotnetTestHostmanager: Full path of host exe is C:\Users\RGTCP77\project\InternRApp\backend\backend\unit tests\bin\Debug\net7.0\fine-code-coverage\build-output\testhost.exe
TpTrace Verbose: 0 : 21416, 7, 2023/04/26, 11:45:16.227, 89963747070, vstest.console.dll, DotnetTestHostmanager.LaunchTestHostAsync: Found 'VSTEST_WINAPPHOST_DOTNET_ROOT' in env variables, value 'C:\Program Files\dotnet', forwarding to 'DOTNET_ROOT'
TpTrace Verbose: 0 : 21416, 7, 2023/04/26, 11:45:16.227, 89963749922, vstest.console.dll, DotnetTestHostManager: Starting process 'C:\Users\RGTCP77\project\InternRApp\backend\backend\unit tests\bin\Debug\net7.0\fine-code-coverage\build-output\testhost.exe' with command line ' --runtimeconfig "C:\Users\RGTCP77\project\InternRApp\backend\backend\unit tests\bin\Debug\net7.0\fine-code-coverage\build-output\unit tests.runtimeconfig.json" --depsfile "C:\Users\RGTCP77\project\InternRApp\backend\backend\unit tests\bin\Debug\net7.0\fine-code-coverage\build-output\unit tests.deps.json" --port 58702 --endpoint 127.0.0.1:058702 --role client --parentprocessid 21416 --diag "C:\Users\RGTCP77\project\InternRApp\backend\backend\unit tests\bin\Debug\net7.0\fine-code-coverage\coverage-tool-output\diagnostics.host.23-04-26_11-45-16_22520_7.log" --tracelevel 4 --datacollectionport 58701 --telemetryoptedin false'
TpTrace Verbose: 0 : 21416, 7, 2023/04/26, 11:45:16.292, 89964393536, vstest.console.dll, MulticastDelegateUtilities.SafeInvoke: HostProviderEvents.OnHostLaunched: Invoking callback 1/2 for Microsoft.VisualStudio.TestPlatform.CrossPlatEngine.Client.ProxyExecutionManagerWithDataCollection., took 2 ms.
TpTrace Verbose: 0 : 21416, 7, 2023/04/26, 11:45:16.292, 89964399965, vstest.console.dll, Test Runtime launched
TpTrace Verbose: 0 : 21416, 7, 2023/04/26, 11:45:16.293, 89964403516, vstest.console.dll, MulticastDelegateUtilities.SafeInvoke: HostProviderEvents.OnHostLaunched: Invoking callback 2/2 for Microsoft.VisualStudio.TestPlatform.CrossPlatEngine.Client.ProxyOperationManager., took 0 ms.
TpTrace Verbose: 0 : 21416, 7, 2023/04/26, 11:45:16.293, 89964407423, vstest.console.dll, TestRequestSender.WaitForRequestHandlerConnection: waiting for connection with timeout: 90000.
TpTrace Verbose: 0 : 21416, 7, 2023/04/26, 11:45:16.524, 89966718461, vstest.console.dll, TestRequestSender.WaitForRequestHandlerConnection: waiting took 231 ms, with timeout 90000 ms, and result 0, which is success.
TpTrace Verbose: 0 : 21416, 12, 2023/04/26, 11:45:16.524, 89966718504, vstest.console.dll, MulticastDelegateUtilities.SafeInvoke: SocketServer: ClientConnected: Invoking callback 1/1 for Microsoft.VisualStudio.TestPlatform.CommunicationUtilities.TestRequestSender., took 0 ms.
TpTrace Verbose: 0 : 21416, 12, 2023/04/26, 11:45:16.525, 89966726557, vstest.console.dll, SocketServer.OnClientConnected: Client connected for endPoint: 127.0.0.1:58702, starting MessageLoopAsync:
TpTrace Verbose: 0 : 21416, 12, 2023/04/26, 11:45:16.525, 89966731736, vstest.console.dll, TcpClientExtensions.MessageLoopAsync: Polling on remoteEndPoint: 127.0.0.1:58703 localEndPoint: 127.0.0.1:58702
TpTrace Verbose: 0 : 21416, 7, 2023/04/26, 11:45:16.526, 89966736414, vstest.console.dll, TestRequestSender.CheckVersionWithTestHost: Sending check version message: {"MessageType":"ProtocolVersion","Payload":7}
TpTrace Verbose: 0 : 21416, 12, 2023/04/26, 11:45:16.682, 89968295414, vstest.console.dll, TcpClientExtensions.MessageLoopAsync: NotifyDataAvailable remoteEndPoint: 127.0.0.1:58703 localEndPoint: 127.0.0.1:58702
TpTrace Verbose: 0 : 21416, 12, 2023/04/26, 11:45:16.682, 89968301730, vstest.console.dll, TestRequestSender.CheckVersionWithTestHost: onMessageReceived received message: (ProtocolVersion) -> {"MessageType":"ProtocolVersion","Payload":7}
TpTrace Verbose: 0 : 21416, 12, 2023/04/26, 11:45:16.683, 89968310194, vstest.console.dll, MulticastDelegateUtilities.SafeInvoke: LengthPrefixCommunicationChannel: MessageReceived: Invoking callback 1/1 for Microsoft.VisualStudio.TestPlatform.CommunicationUtilities.TestRequestSender+<>c__DisplayClass29_0., took 0 ms.
TpTrace Verbose: 0 : 21416, 7, 2023/04/26, 11:45:16.683, 89968311265, vstest.console.dll, TestPluginCache.GetExtensionPaths: Filtered extension paths: 
TpTrace Verbose: 0 : 21416, 12, 2023/04/26, 11:45:16.684, 89968313065, vstest.console.dll, TcpClientExtensions.MessageLoopAsync: Polling on remoteEndPoint: 127.0.0.1:58703 localEndPoint: 127.0.0.1:58702
TpTrace Verbose: 0 : 21416, 7, 2023/04/26, 11:45:16.684, 89968315491, vstest.console.dll, TestPluginCache.GetExtensionPaths: Added default extension paths: C:\Program Files\dotnet\sdk\7.0.203\Extensions\Microsoft.Diagnostics.NETCore.Client.dll
C:\Program Files\dotnet\sdk\7.0.203\Extensions\Microsoft.TestPlatform.Extensions.BlameDataCollector.dll
C:\Program Files\dotnet\sdk\7.0.203\Extensions\Microsoft.TestPlatform.Extensions.EventLogCollector.dll
C:\Program Files\dotnet\sdk\7.0.203\Extensions\Microsoft.TestPlatform.TestHostRuntimeProvider.dll
C:\Program Files\dotnet\sdk\7.0.203\Extensions\Microsoft.VisualStudio.TestPlatform.Extensions.Html.TestLogger.dll
C:\Program Files\dotnet\sdk\7.0.203\Extensions\Microsoft.VisualStudio.TestPlatform.Extensions.Trx.TestLogger.dll
TpTrace Verbose: 0 : 21416, 7, 2023/04/26, 11:45:16.684, 89968318997, vstest.console.dll, TestPluginCache.GetExtensionPaths: Added unfilterableExtensionPaths: 
TpTrace Verbose: 0 : 21416, 7, 2023/04/26, 11:45:16.687, 89968350407, vstest.console.dll, TestRequestSender.InitializeExecution: Sending initialize execution with message: {"Version":7,"MessageType":"TestExecution.Initialize","Payload":["C:\\Users\\RGTCP77\\project\\InternRApp\\backend\\backend\\unit tests\\bin\\Debug\\net7.0\\fine-code-coverage\\build-output\\xunit.runner.visualstudio.dotnetcore.testadapter.dll"]}
TpTrace Warning: 0 : 21416, 7, 2023/04/26, 11:45:16.688, 89968357557, vstest.console.dll, InferRunSettingsHelper.MakeRunsettingsCompatible: Removing the following settings: TargetPlatform from RunSettings file. To use those settings please move to latest version of Microsoft.NET.Test.Sdk
TpTrace Verbose: 0 : 21416, 12, 2023/04/26, 11:45:16.690, 89968379997, vstest.console.dll, TcpClientExtensions.MessageLoopAsync: NotifyDataAvailable remoteEndPoint: 127.0.0.1:58703 localEndPoint: 127.0.0.1:58702
TpTrace Verbose: 0 : 21416, 12, 2023/04/26, 11:45:16.691, 89968387821, vstest.console.dll, TestRequestSender.OnExecutionMessageReceived: Received message: {"Version":7,"MessageType":"TestSession.Message","Payload":{"MessageLevel":0,"Message":"Logging TestHost Diagnostics in file: C:\\Users\\RGTCP77\\project\\InternRApp\\backend\\backend\\unit tests\\bin\\Debug\\net7.0\\fine-code-coverage\\coverage-tool-output\\diagnostics.host.23-04-26_11-45-16_22520_7.log"}}
TpTrace Verbose: 0 : 21416, 12, 2023/04/26, 11:45:16.694, 89968418093, vstest.console.dll, TestRunRequest:SendTestRunMessage: Starting.
TpTrace Verbose: 0 : 21416, 12, 2023/04/26, 11:45:16.694, 89968422188, vstest.console.dll, MulticastDelegateUtilities.SafeInvoke: TestRun.LogMessages: Invoking callback 1/1 for Microsoft.VisualStudio.TestPlatform.CommandLine.TestRunResultAggregator., took 0 ms.
TpTrace Verbose: 0 : 21416, 4, 2023/04/26, 11:45:16.694, 89968422453, vstest.console.dll, MulticastDelegateUtilities.SafeInvoke: InternalTestLoggerEvents.SendTestRunMessage: Invoking callback 1/1 for Microsoft.VisualStudio.TestPlatform.CommandLine.Internal.ConsoleLogger., took 0 ms.
TpTrace Information: 0 : 21416, 12, 2023/04/26, 11:45:16.695, 89968424343, vstest.console.dll, TestRunRequest:SendTestRunMessage: Completed.
TpTrace Verbose: 0 : 21416, 12, 2023/04/26, 11:45:16.695, 89968429818, vstest.console.dll, MulticastDelegateUtilities.SafeInvoke: LengthPrefixCommunicationChannel: MessageReceived: Invoking callback 1/1 for Microsoft.VisualStudio.TestPlatform.CommunicationUtilities.TestRequestSender+<>c__DisplayClass34_0., took 4 ms.
TpTrace Verbose: 0 : 21416, 7, 2023/04/26, 11:45:16.696, 89968433294, vstest.console.dll, TestRequestSender.StartTestRun: Sending test run with message: {"Version":7,"MessageType":"TestExecution.StartWithSources","Payload":{"AdapterSourceMap":{"_none_":["C:\\Users\\RGTCP77\\project\\InternRApp\\backend\\backend\\unit tests\\bin\\Debug\\net7.0\\fine-code-coverage\\build-output\\unit tests.dll"]},"RunSettings":"<RunSettings>\r\n  <RunConfiguration>\r\n    <ResultsDirectory>C:\\Users\\RGTCP77\\project\\InternRApp\\backend\\backend\\unit tests\\bin\\Debug\\net7.0\\fine-code-coverage\\coverage-tool-output</ResultsDirectory>\r\n    <TargetFrameworkVersion>.NETCoreApp,Version=v7.0</TargetFrameworkVersion>\r\n    <DesignMode>False</DesignMode>\r\n    <CollectSourceInformation>False</CollectSourceInformation>\r\n  </RunConfiguration>\r\n  <LoggerRunSettings>\r\n    <Loggers>\r\n      <Logger friendlyName=\"blame\" enabled=\"True\" />\r\n      <Logger friendlyName=\"Console\" uri=\"logger://microsoft/TestPlatform/ConsoleLogger/v1\" assemblyQualifiedName=\"Microsoft.VisualStudio.TestPlatform.CommandLine.Internal.ConsoleLogger, vstest.console, Version=15.0.0.0, Culture=neutral, PublicKeyToken=b03f5f7f11d50a3a\" codeBase=\"C:\\Program Files\\dotnet\\sdk\\7.0.203\\vstest.console.dll\" enabled=\"True\" />\r\n    </Loggers>\r\n  </LoggerRunSettings>\r\n  <DataCollectionRunSettings>\r\n    <DataCollectors>\r\n      <DataCollector friendlyName=\"blame\" enabled=\"True\">\r\n        <Configuration>\r\n          <ResultsDirectory>C:\\Users\\RGTCP77\\project\\InternRApp\\backend\\backend\\unit tests\\bin\\Debug\\net7.0\\fine-code-coverage\\coverage-tool-output</ResultsDirectory>\r\n        </Configuration>\r\n      </DataCollector>\r\n    </DataCollectors>\r\n  </DataCollectionRunSettings>\r\n</RunSettings>","TestExecutionContext":{"FrequencyOfRunStatsChangeEvent":10,"RunStatsChangeEventTimeout":"00:00:01.5000000","InIsolation":false,"KeepAlive":false,"AreTestCaseLevelEventsRequired":false,"IsDebug":false,"TestCaseFilter":null,"FilterOptions":null},"Package":null}}
TpTrace Verbose: 0 : 21416, 12, 2023/04/26, 11:45:16.696, 89968434542, vstest.console.dll, TcpClientExtensions.MessageLoopAsync: Polling on remoteEndPoint: 127.0.0.1:58703 localEndPoint: 127.0.0.1:58702
TpTrace Verbose: 0 : 21416, 12, 2023/04/26, 11:45:16.844, 89969913277, vstest.console.dll, TcpClientExtensions.MessageLoopAsync: NotifyDataAvailable remoteEndPoint: 127.0.0.1:58703 localEndPoint: 127.0.0.1:58702
TpTrace Verbose: 0 : 21416, 12, 2023/04/26, 11:45:16.844, 89969917421, vstest.console.dll, TestRequestSender.OnExecutionMessageReceived: Received message: {"Version":7,"MessageType":"TestSession.Message","Payload":{"MessageLevel":0,"Message":"[xUnit.net 00:00:00.00] xUnit.net VSTest Adapter v2.4.5+1caef2f33e (64-bit .NET 7.0.5)"}}
TpTrace Verbose: 0 : 21416, 12, 2023/04/26, 11:45:16.844, 89969922710, vstest.console.dll, TestRunRequest:SendTestRunMessage: Starting.
TpTrace Verbose: 0 : 21416, 12, 2023/04/26, 11:45:16.845, 89969925367, vstest.console.dll, MulticastDelegateUtilities.SafeInvoke: TestRun.LogMessages: Invoking callback 1/1 for Microsoft.VisualStudio.TestPlatform.CommandLine.TestRunResultAggregator., took 0 ms.
TpTrace Information: 0 : 21416, 12, 2023/04/26, 11:45:16.845, 89969927292, vstest.console.dll, TestRunRequest:SendTestRunMessage: Completed.
TpTrace Verbose: 0 : 21416, 4, 2023/04/26, 11:45:16.845, 89969925921, vstest.console.dll, MulticastDelegateUtilities.SafeInvoke: InternalTestLoggerEvents.SendTestRunMessage: Invoking callback 1/1 for Microsoft.VisualStudio.TestPlatform.CommandLine.Internal.ConsoleLogger., took 0 ms.
TpTrace Verbose: 0 : 21416, 12, 2023/04/26, 11:45:16.845, 89969930004, vstest.console.dll, MulticastDelegateUtilities.SafeInvoke: LengthPrefixCommunicationChannel: MessageReceived: Invoking callback 1/1 for Microsoft.VisualStudio.TestPlatform.CommunicationUtilities.TestRequestSender+<>c__DisplayClass34_0., took 1 ms.
TpTrace Verbose: 0 : 21416, 12, 2023/04/26, 11:45:16.846, 89969935276, vstest.console.dll, TcpClientExtensions.MessageLoopAsync: Polling on remoteEndPoint: 127.0.0.1:58703 localEndPoint: 127.0.0.1:58702
TpTrace Verbose: 0 : 21416, 12, 2023/04/26, 11:45:17.379, 89975263768, vstest.console.dll, TcpClientExtensions.MessageLoopAsync: NotifyDataAvailable remoteEndPoint: 127.0.0.1:58703 localEndPoint: 127.0.0.1:58702
TpTrace Verbose: 0 : 21416, 12, 2023/04/26, 11:45:17.379, 89975269757, vstest.console.dll, TestRequestSender.OnExecutionMessageReceived: Received message: {"Version":7,"MessageType":"TestSession.Message","Payload":{"MessageLevel":0,"Message":"[xUnit.net 00:00:00.53]   Discovering: unit tests"}}
TpTrace Verbose: 0 : 21416, 12, 2023/04/26, 11:45:17.380, 89975274453, vstest.console.dll, TestRunRequest:SendTestRunMessage: Starting.
TpTrace Verbose: 0 : 21416, 12, 2023/04/26, 11:45:17.380, 89975277244, vstest.console.dll, MulticastDelegateUtilities.SafeInvoke: TestRun.LogMessages: Invoking callback 1/1 for Microsoft.VisualStudio.TestPlatform.CommandLine.TestRunResultAggregator., took 0 ms.
TpTrace Information: 0 : 21416, 12, 2023/04/26, 11:45:17.380, 89975279551, vstest.console.dll, TestRunRequest:SendTestRunMessage: Completed.
TpTrace Verbose: 0 : 21416, 4, 2023/04/26, 11:45:17.380, 89975277438, vstest.console.dll, MulticastDelegateUtilities.SafeInvoke: InternalTestLoggerEvents.SendTestRunMessage: Invoking callback 1/1 for Microsoft.VisualStudio.TestPlatform.CommandLine.Internal.ConsoleLogger., took 0 ms.
TpTrace Verbose: 0 : 21416, 12, 2023/04/26, 11:45:17.380, 89975281830, vstest.console.dll, MulticastDelegateUtilities.SafeInvoke: LengthPrefixCommunicationChannel: MessageReceived: Invoking callback 1/1 for Microsoft.VisualStudio.TestPlatform.CommunicationUtilities.TestRequestSender+<>c__DisplayClass34_0., took 1 ms.
TpTrace Verbose: 0 : 21416, 12, 2023/04/26, 11:45:17.381, 89975287768, vstest.console.dll, TcpClientExtensions.MessageLoopAsync: Polling on remoteEndPoint: 127.0.0.1:58703 localEndPoint: 127.0.0.1:58702
TpTrace Verbose: 0 : 21416, 12, 2023/04/26, 11:45:17.422, 89975694042, vstest.console.dll, TcpClientExtensions.MessageLoopAsync: NotifyDataAvailable remoteEndPoint: 127.0.0.1:58703 localEndPoint: 127.0.0.1:58702
TpTrace Verbose: 0 : 21416, 12, 2023/04/26, 11:45:17.422, 89975698214, vstest.console.dll, TestRequestSender.OnExecutionMessageReceived: Received message: {"Version":7,"MessageType":"TestSession.Message","Payload":{"MessageLevel":0,"Message":"[xUnit.net 00:00:00.58]   Discovered:  unit tests"}}
TpTrace Verbose: 0 : 21416, 12, 2023/04/26, 11:45:17.422, 89975700845, vstest.console.dll, TestRunRequest:SendTestRunMessage: Starting.
TpTrace Verbose: 0 : 21416, 12, 2023/04/26, 11:45:17.422, 89975702902, vstest.console.dll, MulticastDelegateUtilities.SafeInvoke: TestRun.LogMessages: Invoking callback 1/1 for Microsoft.VisualStudio.TestPlatform.CommandLine.TestRunResultAggregator., took 0 ms.
TpTrace Information: 0 : 21416, 12, 2023/04/26, 11:45:17.423, 89975704694, vstest.console.dll, TestRunRequest:SendTestRunMessage: Completed.
TpTrace Verbose: 0 : 21416, 12, 2023/04/26, 11:45:17.423, 89975706491, vstest.console.dll, MulticastDelegateUtilities.SafeInvoke: LengthPrefixCommunicationChannel: MessageReceived: Invoking callback 1/1 for Microsoft.VisualStudio.TestPlatform.CommunicationUtilities.TestRequestSender+<>c__DisplayClass34_0., took 0 ms.
TpTrace Verbose: 0 : 21416, 12, 2023/04/26, 11:45:17.423, 89975708298, vstest.console.dll, TcpClientExtensions.MessageLoopAsync: Polling on remoteEndPoint: 127.0.0.1:58703 localEndPoint: 127.0.0.1:58702
TpTrace Verbose: 0 : 21416, 4, 2023/04/26, 11:45:17.423, 89975703180, vstest.console.dll, MulticastDelegateUtilities.SafeInvoke: InternalTestLoggerEvents.SendTestRunMessage: Invoking callback 1/1 for Microsoft.VisualStudio.TestPlatform.CommandLine.Internal.ConsoleLogger., took 0 ms.
TpTrace Verbose: 0 : 21416, 12, 2023/04/26, 11:45:17.426, 89975737881, vstest.console.dll, TcpClientExtensions.MessageLoopAsync: NotifyDataAvailable remoteEndPoint: 127.0.0.1:58703 localEndPoint: 127.0.0.1:58702
TpTrace Verbose: 0 : 21416, 12, 2023/04/26, 11:45:17.426, 89975742063, vstest.console.dll, TestRequestSender.OnExecutionMessageReceived: Received message: {"Version":7,"MessageType":"TestSession.Message","Payload":{"MessageLevel":0,"Message":"[xUnit.net 00:00:00.58]   Starting:    unit tests"}}
TpTrace Verbose: 0 : 21416, 12, 2023/04/26, 11:45:17.427, 89975746033, vstest.console.dll, TestRunRequest:SendTestRunMessage: Starting.
TpTrace Verbose: 0 : 21416, 12, 2023/04/26, 11:45:17.427, 89975749031, vstest.console.dll, MulticastDelegateUtilities.SafeInvoke: TestRun.LogMessages: Invoking callback 1/1 for Microsoft.VisualStudio.TestPlatform.CommandLine.TestRunResultAggregator., took 0 ms.
TpTrace Information: 0 : 21416, 12, 2023/04/26, 11:45:17.427, 89975751322, vstest.console.dll, TestRunRequest:SendTestRunMessage: Completed.
TpTrace Verbose: 0 : 21416, 4, 2023/04/26, 11:45:17.427, 89975749670, vstest.console.dll, MulticastDelegateUtilities.SafeInvoke: InternalTestLoggerEvents.SendTestRunMessage: Invoking callback 1/1 for Microsoft.VisualStudio.TestPlatform.CommandLine.Internal.ConsoleLogger., took 0 ms.
TpTrace Verbose: 0 : 21416, 12, 2023/04/26, 11:45:17.428, 89975753428, vstest.console.dll, MulticastDelegateUtilities.SafeInvoke: LengthPrefixCommunicationChannel: MessageReceived: Invoking callback 1/1 for Microsoft.VisualStudio.TestPlatform.CommunicationUtilities.TestRequestSender+<>c__DisplayClass34_0., took 1 ms.
TpTrace Verbose: 0 : 21416, 12, 2023/04/26, 11:45:17.428, 89975760277, vstest.console.dll, TcpClientExtensions.MessageLoopAsync: Polling on remoteEndPoint: 127.0.0.1:58703 localEndPoint: 127.0.0.1:58702
TpTrace Verbose: 0 : 21416, 12, 2023/04/26, 11:45:17.691, 89978390068, vstest.console.dll, TcpClientExtensions.MessageLoopAsync: NotifyDataAvailable remoteEndPoint: 127.0.0.1:58703 localEndPoint: 127.0.0.1:58702
TpTrace Verbose: 0 : 21416, 12, 2023/04/26, 11:45:17.692, 89978396957, vstest.console.dll, TestRequestSender.OnExecutionMessageReceived: Received message: {"Version":7,"MessageType":"TestExecution.StatsChange","Payload":{"NewTestResults":[{"TestCase":{"Id":"1287e237-7f1b-6a7a-71e4-cd6cd6f3738c","FullyQualifiedName":"unit_tests.UpdateInternshipValidatorTests.TrainingType_Negatif_Should_Throw_Validation_Error","DisplayName":"unit_tests.UpdateInternshipValidatorTests.TrainingType_Negatif_Should_Throw_Validation_Error","ExecutorUri":"executor://xunit/VsTestRunner2/netcoreapp","Source":"C:\\Users\\RGTCP77\\project\\InternRApp\\backend\\backend\\unit tests\\bin\\Debug\\net7.0\\fine-code-coverage\\build-output\\unit tests.dll","CodeFilePath":null,"LineNumber":0,"Properties":[]},"Attachments":[],"Outcome":1,"ErrorMessage":null,"ErrorStackTrace":null,"DisplayName":"unit_tests.UpdateInternshipValidatorTests.TrainingType_Negatif_Should_Throw_Validation_Error","Messages":[],"ComputerName":"WP4680","Duration":"00:00:00.1101486","StartTime":"2023-04-26T09:45:17.6000668+00:00","EndTime":"2023-04-26T09:45:17.6000899+00:00","Properties":[]},{"TestCase":{"Id":"cc89a9a5-c7c4-1018-9b7e-e1f0ddc5b2ea","FullyQualifiedName":"unit_tests.CreateInternshipValidatorTest.SchoolYear_Empty_Should_Throw_Validation_Error","DisplayName":"unit_tests.CreateInternshipValidatorTest.SchoolYear_Empty_Should_Throw_Validation_Error","ExecutorUri":"executor://xunit/VsTestRunner2/netcoreapp","Source":"C:\\Users\\RGTCP77\\project\\InternRApp\\backend\\backend\\unit tests\\bin\\Debug\\net7.0\\fine-code-coverage\\build-output\\unit tests.dll","CodeFilePath":null,"LineNumber":0,"Properties":[]},"Attachments":[],"Outcome":1,"ErrorMessage":null,"ErrorStackTrace":null,"DisplayName":"unit_tests.CreateInternshipValidatorTest.SchoolYear_Empty_Should_Throw_Validation_Error","Messages":[],"ComputerName":"WP4680","Duration":"00:00:00.1083151","StartTime":"2023-04-26T09:45:17.627455+00:00","EndTime":"2023-04-26T09:45:17.627455+00:00","Properties":[]},{"TestCase":{"Id":"0942485b-5fbb-38a5-0938-4a919d1596e3","FullyQualifiedName":"unit_tests.UpdateUnitCommandTests.SuperVisorEmails_Empty_Should_Throw_Validation_Error","DisplayName":"unit_tests.UpdateUnitCommandTests.SuperVisorEmails_Empty_Should_Throw_Validation_Error","ExecutorUri":"executor://xunit/VsTestRunner2/netcoreapp","Source":"C:\\Users\\RGTCP77\\project\\InternRApp\\backend\\backend\\unit tests\\bin\\Debug\\net7.0\\fine-code-coverage\\build-output\\unit tests.dll","CodeFilePath":null,"LineNumber":0,"Properties":[]},"Attachments":[],"Outcome":1,"ErrorMessage":null,"ErrorStackTrace":null,"DisplayName":"unit_tests.UpdateUnitCommandTests.SuperVisorEmails_Empty_Should_Throw_Validation_Error","Messages":[],"ComputerName":"WP4680","Duration":"00:00:00.1082427","StartTime":"2023-04-26T09:45:17.6315352+00:00","EndTime":"2023-04-26T09:45:17.6315353+00:00","Properties":[]},{"TestCase":{"Id":"faea9f60-7f12-cc8c-61d0-29cb2defc6ed","FullyQualifiedName":"unit_tests.CreateUnitCommandTests.PrefaceTranslation_Null_Should_Throw_Validation_Error","DisplayName":"unit_tests.CreateUnitCommandTests.PrefaceTranslation_Null_Should_Throw_Validation_Error","ExecutorUri":"executor://xunit/VsTestRunner2/netcoreapp","Source":"C:\\Users\\RGTCP77\\project\\InternRApp\\backend\\backend\\unit tests\\bin\\Debug\\net7.0\\fine-code-coverage\\build-output\\unit tests.dll","CodeFilePath":null,"LineNumber":0,"Properties":[]},"Attachments":[],"Outcome":1,"ErrorMessage":null,"ErrorStackTrace":null,"DisplayName":"unit_tests.CreateUnitCommandTests.PrefaceTranslation_Null_Should_Throw_Validation_Error","Messages":[],"ComputerName":"WP4680","Duration":"00:00:00.1082430","StartTime":"2023-04-26T09:45:17.6338412+00:00","EndTime":"2023-04-26T09:45:17.6338413+00:00","Properties":[]},{"TestCase":{"Id":"092d2993-3033-4ea9-c55f-0bda3ea3bcc5","FullyQualifiedName":"unit_tests.UpdateUnitCommandTests.PrefaceTranslation_Content_Empty_Should_Throw_Validation_Error","DisplayName":"unit_tests.UpdateUnitCommandTests.PrefaceTranslation_Content_Empty_Should_Throw_Validation_Error","ExecutorUri":"executor://xunit/VsTestRunner2/netcoreapp","Source":"C:\\Users\\RGTCP77\\project\\InternRApp\\backend\\backend\\unit tests\\bin\\Debug\\net7.0\\fine-code-coverage\\build-output\\unit tests.dll","CodeFilePath":null,"LineNumber":0,"Properties":[]},"Attachments":[],"Outcome":1,"ErrorMessage":null,"ErrorStackTrace":null,"DisplayName":"unit_tests.UpdateUnitCommandTests.PrefaceTranslation_Content_Empty_Should_Throw_Validation_Error","Messages":[],"ComputerName":"WP4680","Duration":"00:00:00.0028666","StartTime":"2023-04-26T09:45:17.6561345+00:00","EndTime":"2023-04-26T09:45:17.6561345+00:00","Properties":[]},{"TestCase":{"Id":"5fdb62c6-75c7-0da8-7546-2ee406a55d6e","FullyQualifiedName":"unit_tests.CreateUnitCommandTests.UnitName_Empty_Should_Throw_Validation_Error","DisplayName":"unit_tests.CreateUnitCommandTests.UnitName_Empty_Should_Throw_Validation_Error","ExecutorUri":"executor://xunit/VsTestRunner2/netcoreapp","Source":"C:\\Users\\RGTCP77\\project\\InternRApp\\backend\\backend\\unit tests\\bin\\Debug\\net7.0\\fine-code-coverage\\build-output\\unit tests.dll","CodeFilePath":null,"LineNumber":0,"Properties":[]},"Attachments":[],"Outcome":1,"ErrorMessage":null,"ErrorStackTrace":null,"DisplayName":"unit_tests.CreateUnitCommandTests.UnitName_Empty_Should_Throw_Validation_Error","Messages":[],"ComputerName":"WP4680","Duration":"00:00:00.0045994","StartTime":"2023-04-26T09:45:17.6605075+00:00","EndTime":"2023-04-26T09:45:17.6605076+00:00","Properties":[]}],"TestRunStatistics":{"ExecutedTests":6,"Stats":{"Passed":6}},"ActiveTests":[{"Id":"9fd739e8-5237-ba4e-64f9-58b4624fc36a","FullyQualifiedName":"unit_tests.CreateInternshipValidatorTest.Version_Content_Is_Empty_Should_Throw_Validation_Error","DisplayName":"unit_tests.CreateInternshipValidatorTest.Version_Content_Is_Empty_Should_Throw_Validation_Error","ExecutorUri":"executor://xunit/VsTestRunner2/netcoreapp","Source":"C:\\Users\\RGTCP77\\project\\InternRApp\\backend\\backend\\unit tests\\bin\\Debug\\net7.0\\fine-code-coverage\\build-output\\unit tests.dll","CodeFilePath":null,"LineNumber":0,"Properties":[]},{"Id":"bee9b852-d9bc-30d4-08e8-a4f6a0a80266","FullyQualifiedName":"unit_tests.UpdateInternshipValidatorTests.Version_Description_Is_Empty_Should_Throw_Validation_Error","DisplayName":"unit_tests.UpdateInternshipValidatorTests.Version_Description_Is_Empty_Should_Throw_Validation_Error","ExecutorUri":"executor://xunit/VsTestRunner2/netcoreapp","Source":"C:\\Users\\RGTCP77\\project\\InternRApp\\backend\\backend\\unit tests\\bin\\Debug\\net7.0\\fine-code-coverage\\build-output\\unit tests.dll","CodeFilePath":null,"LineNumber":0,"Properties":[]},{"Id":"873a35cd-12fe-ca72-35de-1c5b34eb7627","FullyQualifiedName":"unit_tests.UpdateUnitCommandTests.DepartmentName_Empty_Should_Throw_Validation_Error","DisplayName":"unit_tests.UpdateUnitCommandTests.DepartmentName_Empty_Should_Throw_Validation_Error","ExecutorUri":"executor://xunit/VsTestRunner2/netcoreapp","Source":"C:\\Users\\RGTCP77\\project\\InternRApp\\backend\\backend\\unit tests\\bin\\Debug\\net7.0\\fine-code-coverage\\build-output\\unit tests.dll","CodeFilePath":null,"LineNumber":0,"Properties":[]},{"Id":"b1efdd80-707e-efd8-c576-f1840c4e29fd","FullyQualifiedName":"unit_tests.CreateUnitCommandTests.PrefaceTranslation_Content_Empty_Should_Throw_Validation_Error","DisplayName":"unit_tests.CreateUnitCommandTests.PrefaceTranslation_Content_Empty_Should_Throw_Validation_Error","ExecutorUri":"executor://xunit/VsTestRunner2/netcoreapp","Source":"C:\\Users\\RGTCP77\\project\\InternRApp\\backend\\backend\\unit tests\\bin\\Debug\\net7.0\\fine-code-coverage\\build-output\\unit tests.dll","CodeFilePath":null,"LineNumber":0,"Properties":[]}]}}
TpTrace Verbose: 0 : 21416, 12, 2023/04/26, 11:45:17.711, 89978585551, vstest.console.dll, TestRunRequest:SendTestRunStatsChange: Starting.
TpTrace Verbose: 0 : 21416, 12, 2023/04/26, 11:45:17.711, 89978588855, vstest.console.dll, InProgress is unit_tests.CreateInternshipValidatorTest.Version_Content_Is_Empty_Should_Throw_Validation_Error
TpTrace Verbose: 0 : 21416, 12, 2023/04/26, 11:45:17.711, 89978590313, vstest.console.dll, InProgress is unit_tests.UpdateInternshipValidatorTests.Version_Description_Is_Empty_Should_Throw_Validation_Error
TpTrace Verbose: 0 : 21416, 12, 2023/04/26, 11:45:17.711, 89978591549, vstest.console.dll, InProgress is unit_tests.UpdateUnitCommandTests.DepartmentName_Empty_Should_Throw_Validation_Error
TpTrace Verbose: 0 : 21416, 12, 2023/04/26, 11:45:17.711, 89978592710, vstest.console.dll, InProgress is unit_tests.CreateUnitCommandTests.PrefaceTranslation_Content_Empty_Should_Throw_Validation_Error
TpTrace Verbose: 0 : 21416, 12, 2023/04/26, 11:45:17.712, 89978596966, vstest.console.dll, MulticastDelegateUtilities.SafeInvoke: TestRun.RunStatsChanged: Invoking callbacks was skipped because there are no subscribers.
TpTrace Information: 0 : 21416, 12, 2023/04/26, 11:45:17.712, 89978598425, vstest.console.dll, TestRunRequest:SendTestRunStatsChange: Completed.
TpTrace Verbose: 0 : 21416, 12, 2023/04/26, 11:45:17.712, 89978599644, vstest.console.dll, MulticastDelegateUtilities.SafeInvoke: LengthPrefixCommunicationChannel: MessageReceived: Invoking callback 1/1 for Microsoft.VisualStudio.TestPlatform.CommunicationUtilities.TestRequestSender+<>c__DisplayClass34_0., took 20 ms.
TpTrace Verbose: 0 : 21416, 12, 2023/04/26, 11:45:17.712, 89978600871, vstest.console.dll, TcpClientExtensions.MessageLoopAsync: Polling on remoteEndPoint: 127.0.0.1:58703 localEndPoint: 127.0.0.1:58702
TpTrace Verbose: 0 : 21416, 4, 2023/04/26, 11:45:17.716, 89978641524, vstest.console.dll, MulticastDelegateUtilities.SafeInvoke: InternalTestLoggerEvents.SendTestResult: Invoking callback 1/1 for Microsoft.VisualStudio.TestPlatform.CommandLine.Internal.ConsoleLogger., took 4 ms.
TpTrace Verbose: 0 : 21416, 4, 2023/04/26, 11:45:17.717, 89978647228, vstest.console.dll, MulticastDelegateUtilities.SafeInvoke: InternalTestLoggerEvents.SendTestResult: Invoking callback 1/1 for Microsoft.VisualStudio.TestPlatform.CommandLine.Internal.ConsoleLogger., took 0 ms.
TpTrace Verbose: 0 : 21416, 4, 2023/04/26, 11:45:17.717, 89978650014, vstest.console.dll, MulticastDelegateUtilities.SafeInvoke: InternalTestLoggerEvents.SendTestResult: Invoking callback 1/1 for Microsoft.VisualStudio.TestPlatform.CommandLine.Internal.ConsoleLogger., took 0 ms.
TpTrace Verbose: 0 : 21416, 4, 2023/04/26, 11:45:17.717, 89978652306, vstest.console.dll, MulticastDelegateUtilities.SafeInvoke: InternalTestLoggerEvents.SendTestResult: Invoking callback 1/1 for Microsoft.VisualStudio.TestPlatform.CommandLine.Internal.ConsoleLogger., took 0 ms.
TpTrace Verbose: 0 : 21416, 4, 2023/04/26, 11:45:17.718, 89978654440, vstest.console.dll, MulticastDelegateUtilities.SafeInvoke: InternalTestLoggerEvents.SendTestResult: Invoking callback 1/1 for Microsoft.VisualStudio.TestPlatform.CommandLine.Internal.ConsoleLogger., took 0 ms.
TpTrace Verbose: 0 : 21416, 4, 2023/04/26, 11:45:17.718, 89978656655, vstest.console.dll, MulticastDelegateUtilities.SafeInvoke: InternalTestLoggerEvents.SendTestResult: Invoking callback 1/1 for Microsoft.VisualStudio.TestPlatform.CommandLine.Internal.ConsoleLogger., took 0 ms.
TpTrace Verbose: 0 : 21416, 12, 2023/04/26, 11:45:17.733, 89978803419, vstest.console.dll, TcpClientExtensions.MessageLoopAsync: NotifyDataAvailable remoteEndPoint: 127.0.0.1:58703 localEndPoint: 127.0.0.1:58702
TpTrace Verbose: 0 : 21416, 12, 2023/04/26, 11:45:17.733, 89978809731, vstest.console.dll, TestRequestSender.OnExecutionMessageReceived: Received message: {"Version":7,"MessageType":"TestExecution.StatsChange","Payload":{"NewTestResults":[{"TestCase":{"Id":"873a35cd-12fe-ca72-35de-1c5b34eb7627","FullyQualifiedName":"unit_tests.UpdateUnitCommandTests.DepartmentName_Empty_Should_Throw_Validation_Error","DisplayName":"unit_tests.UpdateUnitCommandTests.DepartmentName_Empty_Should_Throw_Validation_Error","ExecutorUri":"executor://xunit/VsTestRunner2/netcoreapp","Source":"C:\\Users\\RGTCP77\\project\\InternRApp\\backend\\backend\\unit tests\\bin\\Debug\\net7.0\\fine-code-coverage\\build-output\\unit tests.dll","CodeFilePath":null,"LineNumber":0,"Properties":[]},"Attachments":[],"Outcome":1,"ErrorMessage":null,"ErrorStackTrace":null,"DisplayName":"unit_tests.UpdateUnitCommandTests.DepartmentName_Empty_Should_Throw_Validation_Error","Messages":[],"ComputerName":"WP4680","Duration":"00:00:00.0022187","StartTime":"2023-04-26T09:45:17.6945571+00:00","EndTime":"2023-04-26T09:45:17.6945572+00:00","Properties":[]},{"TestCase":{"Id":"d8d769d8-3c89-1daf-a093-7734e56e1f6d","FullyQualifiedName":"unit_tests.UpdateUnitCommandTests.PrefaceTranslation_Null_Should_Throw_Validation_Error","DisplayName":"unit_tests.UpdateUnitCommandTests.PrefaceTranslation_Null_Should_Throw_Validation_Error","ExecutorUri":"executor://xunit/VsTestRunner2/netcoreapp","Source":"C:\\Users\\RGTCP77\\project\\InternRApp\\backend\\backend\\unit tests\\bin\\Debug\\net7.0\\fine-code-coverage\\build-output\\unit tests.dll","CodeFilePath":null,"LineNumber":0,"Properties":[]},"Attachments":[],"Outcome":1,"ErrorMessage":null,"ErrorStackTrace":null,"DisplayName":"unit_tests.UpdateUnitCommandTests.PrefaceTranslation_Null_Should_Throw_Validation_Error","Messages":[],"ComputerName":"WP4680","Duration":"00:00:00.0007739","StartTime":"2023-04-26T09:45:17.7007518+00:00","EndTime":"2023-04-26T09:45:17.700752+00:00","Properties":[]},{"TestCase":{"Id":"b1efdd80-707e-efd8-c576-f1840c4e29fd","FullyQualifiedName":"unit_tests.CreateUnitCommandTests.PrefaceTranslation_Content_Empty_Should_Throw_Validation_Error","DisplayName":"unit_tests.CreateUnitCommandTests.PrefaceTranslation_Content_Empty_Should_Throw_Validation_Error","ExecutorUri":"executor://xunit/VsTestRunner2/netcoreapp","Source":"C:\\Users\\RGTCP77\\project\\InternRApp\\backend\\backend\\unit tests\\bin\\Debug\\net7.0\\fine-code-coverage\\build-output\\unit tests.dll","CodeFilePath":null,"LineNumber":0,"Properties":[]},"Attachments":[],"Outcome":1,"ErrorMessage":null,"ErrorStackTrace":null,"DisplayName":"unit_tests.CreateUnitCommandTests.PrefaceTranslation_Content_Empty_Should_Throw_Validation_Error","Messages":[],"ComputerName":"WP4680","Duration":"00:00:00.0015547","StartTime":"2023-04-26T09:45:17.7033383+00:00","EndTime":"2023-04-26T09:45:17.7033384+00:00","Properties":[]},{"TestCase":{"Id":"bee9b852-d9bc-30d4-08e8-a4f6a0a80266","FullyQualifiedName":"unit_tests.UpdateInternshipValidatorTests.Version_Description_Is_Empty_Should_Throw_Validation_Error","DisplayName":"unit_tests.UpdateInternshipValidatorTests.Version_Description_Is_Empty_Should_Throw_Validation_Error","ExecutorUri":"executor://xunit/VsTestRunner2/netcoreapp","Source":"C:\\Users\\RGTCP77\\project\\InternRApp\\backend\\backend\\unit tests\\bin\\Debug\\net7.0\\fine-code-coverage\\build-output\\unit tests.dll","CodeFilePath":null,"LineNumber":0,"Properties":[]},"Attachments":[],"Outcome":1,"ErrorMessage":null,"ErrorStackTrace":null,"DisplayName":"unit_tests.UpdateInternshipValidatorTests.Version_Description_Is_Empty_Should_Throw_Validation_Error","Messages":[],"ComputerName":"WP4680","Duration":"00:00:00.0064318","StartTime":"2023-04-26T09:45:17.7079925+00:00","EndTime":"2023-04-26T09:45:17.7079926+00:00","Properties":[]},{"TestCase":{"Id":"80c2fb52-3c11-2611-d0bd-acf651f7f124","FullyQualifiedName":"unit_tests.CreateUnitCommandTests.SuperVisorEmails_Empty_Should_Throw_Validation_Error","DisplayName":"unit_tests.CreateUnitCommandTests.SuperVisorEmails_Empty_Should_Throw_Validation_Error","ExecutorUri":"executor://xunit/VsTestRunner2/netcoreapp","Source":"C:\\Users\\RGTCP77\\project\\InternRApp\\backend\\backend\\unit tests\\bin\\Debug\\net7.0\\fine-code-coverage\\build-output\\unit tests.dll","CodeFilePath":null,"LineNumber":0,"Properties":[]},"Attachments":[],"Outcome":1,"ErrorMessage":null,"ErrorStackTrace":null,"DisplayName":"unit_tests.CreateUnitCommandTests.SuperVisorEmails_Empty_Should_Throw_Validation_Error","Messages":[],"ComputerName":"WP4680","Duration":"00:00:00.0011040","StartTime":"2023-04-26T09:45:17.7124103+00:00","EndTime":"2023-04-26T09:45:17.7124103+00:00","Properties":[]},{"TestCase":{"Id":"d93c99a6-d348-1b27-7546-b14a0d033173","FullyQualifiedName":"unit_tests.UpdateInternshipValidatorTests.Version_Location_Is_Empty_Should_Throw_Validation_Error","DisplayName":"unit_tests.UpdateInternshipValidatorTests.Version_Location_Is_Empty_Should_Throw_Validation_Error","ExecutorUri":"executor://xunit/VsTestRunner2/netcoreapp","Source":"C:\\Users\\RGTCP77\\project\\InternRApp\\backend\\backend\\unit tests\\bin\\Debug\\net7.0\\fine-code-coverage\\build-output\\unit tests.dll","CodeFilePath":null,"LineNumber":0,"Properties":[]},"Attachments":[],"Outcome":1,"ErrorMessage":null,"ErrorStackTrace":null,"DisplayName":"unit_tests.UpdateInternshipValidatorTests.Version_Location_Is_Empty_Should_Throw_Validation_Error","Messages":[],"ComputerName":"WP4680","Duration":"00:00:00.0013925","StartTime":"2023-04-26T09:45:17.7154226+00:00","EndTime":"2023-04-26T09:45:17.7154227+00:00","Properties":[]},{"TestCase":{"Id":"9fd739e8-5237-ba4e-64f9-58b4624fc36a","FullyQualifiedName":"unit_tests.CreateInternshipValidatorTest.Version_Content_Is_Empty_Should_Throw_Validation_Error","DisplayName":"unit_tests.CreateInternshipValidatorTest.Version_Content_Is_Empty_Should_Throw_Validation_Error","ExecutorUri":"executor://xunit/VsTestRunner2/netcoreapp","Source":"C:\\Users\\RGTCP77\\project\\InternRApp\\backend\\backend\\unit tests\\bin\\Debug\\net7.0\\fine-code-coverage\\build-output\\unit tests.dll","CodeFilePath":null,"LineNumber":0,"Properties":[]},"Attachments":[],"Outcome":1,"ErrorMessage":null,"ErrorStackTrace":null,"DisplayName":"unit_tests.CreateInternshipValidatorTest.Version_Content_Is_Empty_Should_Throw_Validation_Error","Messages":[],"ComputerName":"WP4680","Duration":"00:00:00.0082494","StartTime":"2023-04-26T09:45:17.7219622+00:00","EndTime":"2023-04-26T09:45:17.7219623+00:00","Properties":[]},{"TestCase":{"Id":"830c0e6c-c0de-e1e3-5c52-13f82313d321","FullyQualifiedName":"unit_tests.UpdateInternshipValidatorTests.Locations_Is_Null_Empty_Throw_Validation_Error","DisplayName":"unit_tests.UpdateInternshipValidatorTests.Locations_Is_Null_Empty_Throw_Validation_Error","ExecutorUri":"executor://xunit/VsTestRunner2/netcoreapp","Source":"C:\\Users\\RGTCP77\\project\\InternRApp\\backend\\backend\\unit tests\\bin\\Debug\\net7.0\\fine-code-coverage\\build-output\\unit tests.dll","CodeFilePath":null,"LineNumber":0,"Properties":[]},"Attachments":[],"Outcome":1,"ErrorMessage":null,"ErrorStackTrace":null,"DisplayName":"unit_tests.UpdateInternshipValidatorTests.Locations_Is_Null_Empty_Throw_Validation_Error","Messages":[],"ComputerName":"WP4680","Duration":"00:00:00.0010043","StartTime":"2023-04-26T09:45:17.7270978+00:00","EndTime":"2023-04-26T09:45:17.727098+00:00","Properties":[]}],"TestRunStatistics":{"ExecutedTests":14,"Stats":{"Passed":14}},"ActiveTests":[{"Id":"f28de430-426d-039e-464b-c90f50861b88","FullyQualifiedName":"unit_tests.CreateInternshipValidatorTest.Version_NeededKnowledge_Is_Empty_Should_Throw_Validation_Error","DisplayName":"unit_tests.CreateInternshipValidatorTest.Version_NeededKnowledge_Is_Empty_Should_Throw_Validation_Error","ExecutorUri":"executor://xunit/VsTestRunner2/netcoreapp","Source":"C:\\Users\\RGTCP77\\project\\InternRApp\\backend\\backend\\unit tests\\bin\\Debug\\net7.0\\fine-code-coverage\\build-output\\unit tests.dll","CodeFilePath":null,"LineNumber":0,"Properties":[]},{"Id":"89ab4825-0bd9-a27a-f937-ba7108581b48","FullyQualifiedName":"unit_tests.UpdateInternshipValidatorTests.Version_Comment_Is_Empty_Should_Throw_Validation_Error","DisplayName":"unit_tests.UpdateInternshipValidatorTests.Version_Comment_Is_Empty_Should_Throw_Validation_Error","ExecutorUri":"executor://xunit/VsTestRunner2/netcoreapp","Source":"C:\\Users\\RGTCP77\\project\\InternRApp\\backend\\backend\\unit tests\\bin\\Debug\\net7.0\\fine-code-coverage\\build-output\\unit tests.dll","CodeFilePath":null,"LineNumber":0,"Properties":[]}]}}
TpTrace Verbose: 0 : 21416, 12, 2023/04/26, 11:45:17.735, 89978826645, vstest.console.dll, TestRunRequest:SendTestRunStatsChange: Starting.
TpTrace Verbose: 0 : 21416, 12, 2023/04/26, 11:45:17.735, 89978829402, vstest.console.dll, InProgress is unit_tests.CreateInternshipValidatorTest.Version_NeededKnowledge_Is_Empty_Should_Throw_Validation_Error
TpTrace Verbose: 0 : 21416, 12, 2023/04/26, 11:45:17.735, 89978831522, vstest.console.dll, InProgress is unit_tests.UpdateInternshipValidatorTests.Version_Comment_Is_Empty_Should_Throw_Validation_Error
TpTrace Verbose: 0 : 21416, 12, 2023/04/26, 11:45:17.736, 89978834512, vstest.console.dll, MulticastDelegateUtilities.SafeInvoke: TestRun.RunStatsChanged: Invoking callbacks was skipped because there are no subscribers.
TpTrace Verbose: 0 : 21416, 4, 2023/04/26, 11:45:17.736, 89978835364, vstest.console.dll, MulticastDelegateUtilities.SafeInvoke: InternalTestLoggerEvents.SendTestResult: Invoking callback 1/1 for Microsoft.VisualStudio.TestPlatform.CommandLine.Internal.ConsoleLogger., took 0 ms.
TpTrace Information: 0 : 21416, 12, 2023/04/26, 11:45:17.736, 89978837299, vstest.console.dll, TestRunRequest:SendTestRunStatsChange: Completed.
TpTrace Verbose: 0 : 21416, 4, 2023/04/26, 11:45:17.736, 89978840372, vstest.console.dll, MulticastDelegateUtilities.SafeInvoke: InternalTestLoggerEvents.SendTestResult: Invoking callback 1/1 for Microsoft.VisualStudio.TestPlatform.CommandLine.Internal.ConsoleLogger., took 0 ms.
TpTrace Verbose: 0 : 21416, 12, 2023/04/26, 11:45:17.736, 89978842994, vstest.console.dll, MulticastDelegateUtilities.SafeInvoke: LengthPrefixCommunicationChannel: MessageReceived: Invoking callback 1/1 for Microsoft.VisualStudio.TestPlatform.CommunicationUtilities.TestRequestSender+<>c__DisplayClass34_0., took 3 ms.
TpTrace Verbose: 0 : 21416, 4, 2023/04/26, 11:45:17.737, 89978843035, vstest.console.dll, MulticastDelegateUtilities.SafeInvoke: InternalTestLoggerEvents.SendTestResult: Invoking callback 1/1 for Microsoft.VisualStudio.TestPlatform.CommandLine.Internal.ConsoleLogger., took 0 ms.
TpTrace Verbose: 0 : 21416, 12, 2023/04/26, 11:45:17.737, 89978846188, vstest.console.dll, TcpClientExtensions.MessageLoopAsync: Polling on remoteEndPoint: 127.0.0.1:58703 localEndPoint: 127.0.0.1:58702
TpTrace Verbose: 0 : 21416, 4, 2023/04/26, 11:45:17.737, 89978848966, vstest.console.dll, MulticastDelegateUtilities.SafeInvoke: InternalTestLoggerEvents.SendTestResult: Invoking callback 1/1 for Microsoft.VisualStudio.TestPlatform.CommandLine.Internal.ConsoleLogger., took 0 ms.
TpTrace Verbose: 0 : 21416, 4, 2023/04/26, 11:45:17.737, 89978851572, vstest.console.dll, MulticastDelegateUtilities.SafeInvoke: InternalTestLoggerEvents.SendTestResult: Invoking callback 1/1 for Microsoft.VisualStudio.TestPlatform.CommandLine.Internal.ConsoleLogger., took 0 ms.
TpTrace Verbose: 0 : 21416, 4, 2023/04/26, 11:45:17.738, 89978853803, vstest.console.dll, MulticastDelegateUtilities.SafeInvoke: InternalTestLoggerEvents.SendTestResult: Invoking callback 1/1 for Microsoft.VisualStudio.TestPlatform.CommandLine.Internal.ConsoleLogger., took 0 ms.
TpTrace Verbose: 0 : 21416, 4, 2023/04/26, 11:45:17.738, 89978855918, vstest.console.dll, MulticastDelegateUtilities.SafeInvoke: InternalTestLoggerEvents.SendTestResult: Invoking callback 1/1 for Microsoft.VisualStudio.TestPlatform.CommandLine.Internal.ConsoleLogger., took 0 ms.
TpTrace Verbose: 0 : 21416, 4, 2023/04/26, 11:45:17.738, 89978857645, vstest.console.dll, MulticastDelegateUtilities.SafeInvoke: InternalTestLoggerEvents.SendTestResult: Invoking callback 1/1 for Microsoft.VisualStudio.TestPlatform.CommandLine.Internal.ConsoleLogger., took 0 ms.
TpTrace Verbose: 0 : 21416, 12, 2023/04/26, 11:45:17.769, 89979165698, vstest.console.dll, TcpClientExtensions.MessageLoopAsync: NotifyDataAvailable remoteEndPoint: 127.0.0.1:58703 localEndPoint: 127.0.0.1:58702
TpTrace Verbose: 0 : 21416, 12, 2023/04/26, 11:45:17.769, 89979170594, vstest.console.dll, TestRequestSender.OnExecutionMessageReceived: Received message: {"Version":7,"MessageType":"TestExecution.StatsChange","Payload":{"NewTestResults":[{"TestCase":{"Id":"f28de430-426d-039e-464b-c90f50861b88","FullyQualifiedName":"unit_tests.CreateInternshipValidatorTest.Version_NeededKnowledge_Is_Empty_Should_Throw_Validation_Error","DisplayName":"unit_tests.CreateInternshipValidatorTest.Version_NeededKnowledge_Is_Empty_Should_Throw_Validation_Error","ExecutorUri":"executor://xunit/VsTestRunner2/netcoreapp","Source":"C:\\Users\\RGTCP77\\project\\InternRApp\\backend\\backend\\unit tests\\bin\\Debug\\net7.0\\fine-code-coverage\\build-output\\unit tests.dll","CodeFilePath":null,"LineNumber":0,"Properties":[]},"Attachments":[],"Outcome":1,"ErrorMessage":null,"ErrorStackTrace":null,"DisplayName":"unit_tests.CreateInternshipValidatorTest.Version_NeededKnowledge_Is_Empty_Should_Throw_Validation_Error","Messages":[],"ComputerName":"WP4680","Duration":"00:00:00.0014783","StartTime":"2023-04-26T09:45:17.7355543+00:00","EndTime":"2023-04-26T09:45:17.7355546+00:00","Properties":[]},{"TestCase":{"Id":"89ab4825-0bd9-a27a-f937-ba7108581b48","FullyQualifiedName":"unit_tests.UpdateInternshipValidatorTests.Version_Comment_Is_Empty_Should_Throw_Validation_Error","DisplayName":"unit_tests.UpdateInternshipValidatorTests.Version_Comment_Is_Empty_Should_Throw_Validation_Error","ExecutorUri":"executor://xunit/VsTestRunner2/netcoreapp","Source":"C:\\Users\\RGTCP77\\project\\InternRApp\\backend\\backend\\unit tests\\bin\\Debug\\net7.0\\fine-code-coverage\\build-output\\unit tests.dll","CodeFilePath":null,"LineNumber":0,"Properties":[]},"Attachments":[],"Outcome":1,"ErrorMessage":null,"ErrorStackTrace":null,"DisplayName":"unit_tests.UpdateInternshipValidatorTests.Version_Comment_Is_Empty_Should_Throw_Validation_Error","Messages":[],"ComputerName":"WP4680","Duration":"00:00:00.0012391","StartTime":"2023-04-26T09:45:17.7415187+00:00","EndTime":"2023-04-26T09:45:17.741519+00:00","Properties":[]},{"TestCase":{"Id":"1f975d15-7088-c559-63a7-38c6fab75be4","FullyQualifiedName":"unit_tests.CreateInternshipValidatorTest.Version_KnowledgeToDevelop_Is_Empty_Should_Throw_Validation_Error","DisplayName":"unit_tests.CreateInternshipValidatorTest.Version_KnowledgeToDevelop_Is_Empty_Should_Throw_Validation_Error","ExecutorUri":"executor://xunit/VsTestRunner2/netcoreapp","Source":"C:\\Users\\RGTCP77\\project\\InternRApp\\backend\\backend\\unit tests\\bin\\Debug\\net7.0\\fine-code-coverage\\build-output\\unit tests.dll","CodeFilePath":null,"LineNumber":0,"Properties":[]},"Attachments":[],"Outcome":1,"ErrorMessage":null,"ErrorStackTrace":null,"DisplayName":"unit_tests.CreateInternshipValidatorTest.Version_KnowledgeToDevelop_Is_Empty_Should_Throw_Validation_Error","Messages":[],"ComputerName":"WP4680","Duration":"00:00:00.0011975","StartTime":"2023-04-26T09:45:17.7463118+00:00","EndTime":"2023-04-26T09:45:17.7463119+00:00","Properties":[]},{"TestCase":{"Id":"43f4a13f-c693-b59b-1c8b-733f57d50043","FullyQualifiedName":"unit_tests.UpdateInternshipValidatorTests.Version_Content_Is_Empty_Should_Throw_Validation_Error","DisplayName":"unit_tests.UpdateInternshipValidatorTests.Version_Content_Is_Empty_Should_Throw_Validation_Error","ExecutorUri":"executor://xunit/VsTestRunner2/netcoreapp","Source":"C:\\Users\\RGTCP77\\project\\InternRApp\\backend\\backend\\unit tests\\bin\\Debug\\net7.0\\fine-code-coverage\\build-output\\unit tests.dll","CodeFilePath":null,"LineNumber":0,"Properties":[]},"Attachments":[],"Outcome":1,"ErrorMessage":null,"ErrorStackTrace":null,"DisplayName":"unit_tests.UpdateInternshipValidatorTests.Version_Content_Is_Empty_Should_Throw_Validation_Error","Messages":[],"ComputerName":"WP4680","Duration":"00:00:00.0010904","StartTime":"2023-04-26T09:45:17.7500481+00:00","EndTime":"2023-04-26T09:45:17.7500483+00:00","Properties":[]},{"TestCase":{"Id":"b0c52c1b-1dcd-6938-8e8a-cde3138e4508","FullyQualifiedName":"unit_tests.CreateInternshipValidatorTest.TrainingType_Negatif_Should_Throw_Validation_Error","DisplayName":"unit_tests.CreateInternshipValidatorTest.TrainingType_Negatif_Should_Throw_Validation_Error","ExecutorUri":"executor://xunit/VsTestRunner2/netcoreapp","Source":"C:\\Users\\RGTCP77\\project\\InternRApp\\backend\\backend\\unit tests\\bin\\Debug\\net7.0\\fine-code-coverage\\build-output\\unit tests.dll","CodeFilePath":null,"LineNumber":0,"Properties":[]},"Attachments":[],"Outcome":1,"ErrorMessage":null,"ErrorStackTrace":null,"DisplayName":"unit_tests.CreateInternshipValidatorTest.TrainingType_Negatif_Should_Throw_Validation_Error","Messages":[],"ComputerName":"WP4680","Duration":"00:00:00.0011275","StartTime":"2023-04-26T09:45:17.7539894+00:00","EndTime":"2023-04-26T09:45:17.7539895+00:00","Properties":[]},{"TestCase":{"Id":"88bd861f-2277-2836-45f8-b242c42e18d8","FullyQualifiedName":"unit_tests.UpdateInternshipValidatorTests.Version_TitleContent_Is_Empty_Should_Throw_Validation_Error","DisplayName":"unit_tests.UpdateInternshipValidatorTests.Version_TitleContent_Is_Empty_Should_Throw_Validation_Error","ExecutorUri":"executor://xunit/VsTestRunner2/netcoreapp","Source":"C:\\Users\\RGTCP77\\project\\InternRApp\\backend\\backend\\unit tests\\bin\\Debug\\net7.0\\fine-code-coverage\\build-output\\unit tests.dll","CodeFilePath":null,"LineNumber":0,"Properties":[]},"Attachments":[],"Outcome":1,"ErrorMessage":null,"ErrorStackTrace":null,"DisplayName":"unit_tests.UpdateInternshipValidatorTests.Version_TitleContent_Is_Empty_Should_Throw_Validation_Error","Messages":[],"ComputerName":"WP4680","Duration":"00:00:00.0008815","StartTime":"2023-04-26T09:45:17.7574026+00:00","EndTime":"2023-04-26T09:45:17.7574026+00:00","Properties":[]},{"TestCase":{"Id":"8aa607d5-e9e4-6506-5819-c86a3d7bfe07","FullyQualifiedName":"unit_tests.CreateInternshipValidatorTest.Version_Location_Is_Empty_Should_Throw_Validation_Error","DisplayName":"unit_tests.CreateInternshipValidatorTest.Version_Location_Is_Empty_Should_Throw_Validation_Error","ExecutorUri":"executor://xunit/VsTestRunner2/netcoreapp","Source":"C:\\Users\\RGTCP77\\project\\InternRApp\\backend\\backend\\unit tests\\bin\\Debug\\net7.0\\fine-code-coverage\\build-output\\unit tests.dll","CodeFilePath":null,"LineNumber":0,"Properties":[]},"Attachments":[],"Outcome":1,"ErrorMessage":null,"ErrorStackTrace":null,"DisplayName":"unit_tests.CreateInternshipValidatorTest.Version_Location_Is_Empty_Should_Throw_Validation_Error","Messages":[],"ComputerName":"WP4680","Duration":"00:00:00.0008691","StartTime":"2023-04-26T09:45:17.7611614+00:00","EndTime":"2023-04-26T09:45:17.7611615+00:00","Properties":[]},{"TestCase":{"Id":"ec6de267-80b0-eaca-2c11-3c5467149221","FullyQualifiedName":"unit_tests.UpdateInternshipValidatorTests.SchoolYear_Empty_Should_Throw_Validation_Error","DisplayName":"unit_tests.UpdateInternshipValidatorTests.SchoolYear_Empty_Should_Throw_Validation_Error","ExecutorUri":"executor://xunit/VsTestRunner2/netcoreapp","Source":"C:\\Users\\RGTCP77\\project\\InternRApp\\backend\\backend\\unit tests\\bin\\Debug\\net7.0\\fine-code-coverage\\build-output\\unit tests.dll","CodeFilePath":null,"LineNumber":0,"Properties":[]},"Attachments":[],"Outcome":1,"ErrorMessage":null,"ErrorStackTrace":null,"DisplayName":"unit_tests.UpdateInternshipValidatorTests.SchoolYear_Empty_Should_Throw_Validation_Error","Messages":[],"ComputerName":"WP4680","Duration":"00:00:00.0007783","StartTime":"2023-04-26T09:45:17.7654108+00:00","EndTime":"2023-04-26T09:45:17.765411+00:00","Properties":[]}],"TestRunStatistics":{"ExecutedTests":22,"Stats":{"Passed":22}},"ActiveTests":[{"Id":"d0b4e0f3-485e-300f-0658-0f29e33a46d4","FullyQualifiedName":"unit_tests.CreateInternshipValidatorTest.CurrentCount_Is_Greater_Than_MaxCount_Throw_Validation_Error","DisplayName":"unit_tests.CreateInternshipValidatorTest.CurrentCount_Is_Greater_Than_MaxCount_Throw_Validation_Error","ExecutorUri":"executor://xunit/VsTestRunner2/netcoreapp","Source":"C:\\Users\\RGTCP77\\project\\InternRApp\\backend\\backend\\unit tests\\bin\\Debug\\net7.0\\fine-code-coverage\\build-output\\unit tests.dll","CodeFilePath":null,"LineNumber":0,"Properties":[]},{"Id":"4a3dde92-9bd2-7849-d4bf-16910ed5b172","FullyQualifiedName":"unit_tests.UpdateInternshipValidatorTests.Versions_Is_Null_Should_Throw_Validation_Error","DisplayName":"unit_tests.UpdateInternshipValidatorTests.Versions_Is_Null_Should_Throw_Validation_Error","ExecutorUri":"executor://xunit/VsTestRunner2/netcoreapp","Source":"C:\\Users\\RGTCP77\\project\\InternRApp\\backend\\backend\\unit tests\\bin\\Debug\\net7.0\\fine-code-coverage\\build-output\\unit tests.dll","CodeFilePath":null,"LineNumber":0,"Properties":[]}]}}
TpTrace Verbose: 0 : 21416, 12, 2023/04/26, 11:45:17.770, 89979182380, vstest.console.dll, TestRunRequest:SendTestRunStatsChange: Starting.
TpTrace Verbose: 0 : 21416, 12, 2023/04/26, 11:45:17.771, 89979184619, vstest.console.dll, InProgress is unit_tests.CreateInternshipValidatorTest.CurrentCount_Is_Greater_Than_MaxCount_Throw_Validation_Error
TpTrace Verbose: 0 : 21416, 12, 2023/04/26, 11:45:17.771, 89979186338, vstest.console.dll, InProgress is unit_tests.UpdateInternshipValidatorTests.Versions_Is_Null_Should_Throw_Validation_Error
TpTrace Verbose: 0 : 21416, 12, 2023/04/26, 11:45:17.771, 89979188308, vstest.console.dll, MulticastDelegateUtilities.SafeInvoke: TestRun.RunStatsChanged: Invoking callbacks was skipped because there are no subscribers.
TpTrace Information: 0 : 21416, 12, 2023/04/26, 11:45:17.771, 89979190019, vstest.console.dll, TestRunRequest:SendTestRunStatsChange: Completed.
TpTrace Verbose: 0 : 21416, 4, 2023/04/26, 11:45:17.771, 89979189006, vstest.console.dll, MulticastDelegateUtilities.SafeInvoke: InternalTestLoggerEvents.SendTestResult: Invoking callback 1/1 for Microsoft.VisualStudio.TestPlatform.CommandLine.Internal.ConsoleLogger., took 0 ms.
TpTrace Verbose: 0 : 21416, 12, 2023/04/26, 11:45:17.771, 89979191577, vstest.console.dll, MulticastDelegateUtilities.SafeInvoke: LengthPrefixCommunicationChannel: MessageReceived: Invoking callback 1/1 for Microsoft.VisualStudio.TestPlatform.CommunicationUtilities.TestRequestSender+<>c__DisplayClass34_0., took 2 ms.
TpTrace Verbose: 0 : 21416, 4, 2023/04/26, 11:45:17.772, 89979193590, vstest.console.dll, MulticastDelegateUtilities.SafeInvoke: InternalTestLoggerEvents.SendTestResult: Invoking callback 1/1 for Microsoft.VisualStudio.TestPlatform.CommandLine.Internal.ConsoleLogger., took 0 ms.
TpTrace Verbose: 0 : 21416, 12, 2023/04/26, 11:45:17.772, 89979194698, vstest.console.dll, TcpClientExtensions.MessageLoopAsync: Polling on remoteEndPoint: 127.0.0.1:58703 localEndPoint: 127.0.0.1:58702
TpTrace Verbose: 0 : 21416, 4, 2023/04/26, 11:45:17.773, 89979207292, vstest.console.dll, MulticastDelegateUtilities.SafeInvoke: InternalTestLoggerEvents.SendTestResult: Invoking callback 1/1 for Microsoft.VisualStudio.TestPlatform.CommandLine.Internal.ConsoleLogger., took 1 ms.
TpTrace Verbose: 0 : 21416, 4, 2023/04/26, 11:45:17.773, 89979209346, vstest.console.dll, MulticastDelegateUtilities.SafeInvoke: InternalTestLoggerEvents.SendTestResult: Invoking callback 1/1 for Microsoft.VisualStudio.TestPlatform.CommandLine.Internal.ConsoleLogger., took 0 ms.
TpTrace Verbose: 0 : 21416, 4, 2023/04/26, 11:45:17.773, 89979210895, vstest.console.dll, MulticastDelegateUtilities.SafeInvoke: InternalTestLoggerEvents.SendTestResult: Invoking callback 1/1 for Microsoft.VisualStudio.TestPlatform.CommandLine.Internal.ConsoleLogger., took 0 ms.
TpTrace Verbose: 0 : 21416, 4, 2023/04/26, 11:45:17.773, 89979212549, vstest.console.dll, MulticastDelegateUtilities.SafeInvoke: InternalTestLoggerEvents.SendTestResult: Invoking callback 1/1 for Microsoft.VisualStudio.TestPlatform.CommandLine.Internal.ConsoleLogger., took 0 ms.
TpTrace Verbose: 0 : 21416, 4, 2023/04/26, 11:45:17.774, 89979214460, vstest.console.dll, MulticastDelegateUtilities.SafeInvoke: InternalTestLoggerEvents.SendTestResult: Invoking callback 1/1 for Microsoft.VisualStudio.TestPlatform.CommandLine.Internal.ConsoleLogger., took 0 ms.
TpTrace Verbose: 0 : 21416, 4, 2023/04/26, 11:45:17.774, 89979216383, vstest.console.dll, MulticastDelegateUtilities.SafeInvoke: InternalTestLoggerEvents.SendTestResult: Invoking callback 1/1 for Microsoft.VisualStudio.TestPlatform.CommandLine.Internal.ConsoleLogger., took 0 ms.
TpTrace Verbose: 0 : 21416, 12, 2023/04/26, 11:45:17.808, 89979558842, vstest.console.dll, TcpClientExtensions.MessageLoopAsync: NotifyDataAvailable remoteEndPoint: 127.0.0.1:58703 localEndPoint: 127.0.0.1:58702
TpTrace Verbose: 0 : 21416, 12, 2023/04/26, 11:45:17.809, 89979565717, vstest.console.dll, TestRequestSender.OnExecutionMessageReceived: Received message: {"Version":7,"MessageType":"TestExecution.StatsChange","Payload":{"NewTestResults":[{"TestCase":{"Id":"4a3dde92-9bd2-7849-d4bf-16910ed5b172","FullyQualifiedName":"unit_tests.UpdateInternshipValidatorTests.Versions_Is_Null_Should_Throw_Validation_Error","DisplayName":"unit_tests.UpdateInternshipValidatorTests.Versions_Is_Null_Should_Throw_Validation_Error","ExecutorUri":"executor://xunit/VsTestRunner2/netcoreapp","Source":"C:\\Users\\RGTCP77\\project\\InternRApp\\backend\\backend\\unit tests\\bin\\Debug\\net7.0\\fine-code-coverage\\build-output\\unit tests.dll","CodeFilePath":null,"LineNumber":0,"Properties":[]},"Attachments":[],"Outcome":1,"ErrorMessage":null,"ErrorStackTrace":null,"DisplayName":"unit_tests.UpdateInternshipValidatorTests.Versions_Is_Null_Should_Throw_Validation_Error","Messages":[],"ComputerName":"WP4680","Duration":"00:00:00.0007190","StartTime":"2023-04-26T09:45:17.7709883+00:00","EndTime":"2023-04-26T09:45:17.7709884+00:00","Properties":[]},{"TestCase":{"Id":"c58b466d-48c1-f88f-9db2-54731bae170c","FullyQualifiedName":"unit_tests.UpdateInternshipValidatorTests.CurrentCount_Is_Greater_Than_MaxCount_Throw_Validation_Error","DisplayName":"unit_tests.UpdateInternshipValidatorTests.CurrentCount_Is_Greater_Than_MaxCount_Throw_Validation_Error","ExecutorUri":"executor://xunit/VsTestRunner2/netcoreapp","Source":"C:\\Users\\RGTCP77\\project\\InternRApp\\backend\\backend\\unit tests\\bin\\Debug\\net7.0\\fine-code-coverage\\build-output\\unit tests.dll","CodeFilePath":null,"LineNumber":0,"Properties":[]},"Attachments":[],"Outcome":1,"ErrorMessage":null,"ErrorStackTrace":null,"DisplayName":"unit_tests.UpdateInternshipValidatorTests.CurrentCount_Is_Greater_Than_MaxCount_Throw_Validation_Error","Messages":[],"ComputerName":"WP4680","Duration":"00:00:00.0018366","StartTime":"2023-04-26T09:45:17.7751417+00:00","EndTime":"2023-04-26T09:45:17.7751419+00:00","Properties":[]},{"TestCase":{"Id":"d0b4e0f3-485e-300f-0658-0f29e33a46d4","FullyQualifiedName":"unit_tests.CreateInternshipValidatorTest.CurrentCount_Is_Greater_Than_MaxCount_Throw_Validation_Error","DisplayName":"unit_tests.CreateInternshipValidatorTest.CurrentCount_Is_Greater_Than_MaxCount_Throw_Validation_Error","ExecutorUri":"executor://xunit/VsTestRunner2/netcoreapp","Source":"C:\\Users\\RGTCP77\\project\\InternRApp\\backend\\backend\\unit tests\\bin\\Debug\\net7.0\\fine-code-coverage\\build-output\\unit tests.dll","CodeFilePath":null,"LineNumber":0,"Properties":[]},"Attachments":[],"Outcome":1,"ErrorMessage":null,"ErrorStackTrace":null,"DisplayName":"unit_tests.CreateInternshipValidatorTest.CurrentCount_Is_Greater_Than_MaxCount_Throw_Validation_Error","Messages":[],"ComputerName":"WP4680","Duration":"00:00:00.0026814","StartTime":"2023-04-26T09:45:17.7768633+00:00","EndTime":"2023-04-26T09:45:17.7768633+00:00","Properties":[]},{"TestCase":{"Id":"4d881feb-aede-e332-add2-adfa9783f4fe","FullyQualifiedName":"unit_tests.CreateInternshipValidatorTest.Version_TitleContent_Is_Empty_Should_Throw_Validation_Error","DisplayName":"unit_tests.CreateInternshipValidatorTest.Version_TitleContent_Is_Empty_Should_Throw_Validation_Error","ExecutorUri":"executor://xunit/VsTestRunner2/netcoreapp","Source":"C:\\Users\\RGTCP77\\project\\InternRApp\\backend\\backend\\unit tests\\bin\\Debug\\net7.0\\fine-code-coverage\\build-output\\unit tests.dll","CodeFilePath":null,"LineNumber":0,"Properties":[]},"Attachments":[],"Outcome":1,"ErrorMessage":null,"ErrorStackTrace":null,"DisplayName":"unit_tests.CreateInternshipValidatorTest.Version_TitleContent_Is_Empty_Should_Throw_Validation_Error","Messages":[],"ComputerName":"WP4680","Duration":"00:00:00.0009186","StartTime":"2023-04-26T09:45:17.7841604+00:00","EndTime":"2023-04-26T09:45:17.7841607+00:00","Properties":[]},{"TestCase":{"Id":"415d3169-5a0c-937d-7d92-109208a5e1a1","FullyQualifiedName":"unit_tests.UpdateInternshipValidatorTests.Version_NeededKnowledge_Is_Empty_Should_Throw_Validation_Error","DisplayName":"unit_tests.UpdateInternshipValidatorTests.Version_NeededKnowledge_Is_Empty_Should_Throw_Validation_Error","ExecutorUri":"executor://xunit/VsTestRunner2/netcoreapp","Source":"C:\\Users\\RGTCP77\\project\\InternRApp\\backend\\backend\\unit tests\\bin\\Debug\\net7.0\\fine-code-coverage\\build-output\\unit tests.dll","CodeFilePath":null,"LineNumber":0,"Properties":[]},"Attachments":[],"Outcome":1,"ErrorMessage":null,"ErrorStackTrace":null,"DisplayName":"unit_tests.UpdateInternshipValidatorTests.Version_NeededKnowledge_Is_Empty_Should_Throw_Validation_Error","Messages":[],"ComputerName":"WP4680","Duration":"00:00:00.0009170","StartTime":"2023-04-26T09:45:17.7860743+00:00","EndTime":"2023-04-26T09:45:17.7860745+00:00","Properties":[]},{"TestCase":{"Id":"e0b90901-ee8d-de06-9ca8-5a1e5aa86dc1","FullyQualifiedName":"unit_tests.CreateInternshipValidatorTest.Versions_Is_Null_Should_Throw_Validation_Error","DisplayName":"unit_tests.CreateInternshipValidatorTest.Versions_Is_Null_Should_Throw_Validation_Error","ExecutorUri":"executor://xunit/VsTestRunner2/netcoreapp","Source":"C:\\Users\\RGTCP77\\project\\InternRApp\\backend\\backend\\unit tests\\bin\\Debug\\net7.0\\fine-code-coverage\\build-output\\unit tests.dll","CodeFilePath":null,"LineNumber":0,"Properties":[]},"Attachments":[],"Outcome":1,"ErrorMessage":null,"ErrorStackTrace":null,"DisplayName":"unit_tests.CreateInternshipValidatorTest.Versions_Is_Null_Should_Throw_Validation_Error","Messages":[],"ComputerName":"WP4680","Duration":"00:00:00.0007871","StartTime":"2023-04-26T09:45:17.7964484+00:00","EndTime":"2023-04-26T09:45:17.7964485+00:00","Properties":[]},{"TestCase":{"Id":"a0c5ea87-1cc0-4642-b7e8-6cd52407241b","FullyQualifiedName":"unit_tests.UpdateInternshipValidatorTests.Version_KnowledgeToDevelop_Is_Empty_Should_Throw_Validation_Error","DisplayName":"unit_tests.UpdateInternshipValidatorTests.Version_KnowledgeToDevelop_Is_Empty_Should_Throw_Validation_Error","ExecutorUri":"executor://xunit/VsTestRunner2/netcoreapp","Source":"C:\\Users\\RGTCP77\\project\\InternRApp\\backend\\backend\\unit tests\\bin\\Debug\\net7.0\\fine-code-coverage\\build-output\\unit tests.dll","CodeFilePath":null,"LineNumber":0,"Properties":[]},"Attachments":[],"Outcome":1,"ErrorMessage":null,"ErrorStackTrace":null,"DisplayName":"unit_tests.UpdateInternshipValidatorTests.Version_KnowledgeToDevelop_Is_Empty_Should_Throw_Validation_Error","Messages":[],"ComputerName":"WP4680","Duration":"00:00:00.0008530","StartTime":"2023-04-26T09:45:17.7997771+00:00","EndTime":"2023-04-26T09:45:17.7997772+00:00","Properties":[]},{"TestCase":{"Id":"1ac7f86c-fe8b-943b-65e9-6928877a1c83","FullyQualifiedName":"unit_tests.CreateInternshipValidatorTest.MaxCountOfStudents_Negatif_Or_Zero_Should_Throw_Validation_Error","DisplayName":"unit_tests.CreateInternshipValidatorTest.MaxCountOfStudents_Negatif_Or_Zero_Should_Throw_Validation_Error","ExecutorUri":"executor://xunit/VsTestRunner2/netcoreapp","Source":"C:\\Users\\RGTCP77\\project\\InternRApp\\backend\\backend\\unit tests\\bin\\Debug\\net7.0\\fine-code-coverage\\build-output\\unit tests.dll","CodeFilePath":null,"LineNumber":0,"Properties":[]},"Attachments":[],"Outcome":1,"ErrorMessage":null,"ErrorStackTrace":null,"DisplayName":"unit_tests.CreateInternshipValidatorTest.MaxCountOfStudents_Negatif_Or_Zero_Should_Throw_Validation_Error","Messages":[],"ComputerName":"WP4680","Duration":"00:00:00.0013471","StartTime":"2023-04-26T09:45:17.803425+00:00","EndTime":"2023-04-26T09:45:17.8034251+00:00","Properties":[]},{"TestCase":{"Id":"4630661e-0bb6-d8c8-a5a4-9fadd546909e","FullyQualifiedName":"unit_tests.UpdateInternshipValidatorTests.MaxCountOfStudents_Negatif_Or_Zero_Should_Throw_Validation_Error","DisplayName":"unit_tests.UpdateInternshipValidatorTests.MaxCountOfStudents_Negatif_Or_Zero_Should_Throw_Validation_Error","ExecutorUri":"executor://xunit/VsTestRunner2/netcoreapp","Source":"C:\\Users\\RGTCP77\\project\\InternRApp\\backend\\backend\\unit tests\\bin\\Debug\\net7.0\\fine-code-coverage\\build-output\\unit tests.dll","CodeFilePath":null,"LineNumber":0,"Properties":[]},"Attachments":[],"Outcome":1,"ErrorMessage":null,"ErrorStackTrace":null,"DisplayName":"unit_tests.UpdateInternshipValidatorTests.MaxCountOfStudents_Negatif_Or_Zero_Should_Throw_Validation_Error","Messages":[],"ComputerName":"WP4680","Duration":"00:00:00.0013011","StartTime":"2023-04-26T09:45:17.8050827+00:00","EndTime":"2023-04-26T09:45:17.8050827+00:00","Properties":[]}],"TestRunStatistics":{"ExecutedTests":31,"Stats":{"Passed":31}},"ActiveTests":[{"Id":"4e986e72-6cec-07c6-3244-5c77dfc3f1d2","FullyQualifiedName":"unit_tests.CreateInternshipValidatorTest.Version_Comment_Is_Empty_Should_Throw_Validation_Error","DisplayName":"unit_tests.CreateInternshipValidatorTest.Version_Comment_Is_Empty_Should_Throw_Validation_Error","ExecutorUri":"executor://xunit/VsTestRunner2/netcoreapp","Source":"C:\\Users\\RGTCP77\\project\\InternRApp\\backend\\backend\\unit tests\\bin\\Debug\\net7.0\\fine-code-coverage\\build-output\\unit tests.dll","CodeFilePath":null,"LineNumber":0,"Properties":[]}]}}
TpTrace Verbose: 0 : 21416, 12, 2023/04/26, 11:45:17.810, 89979579230, vstest.console.dll, TestRunRequest:SendTestRunStatsChange: Starting.
TpTrace Verbose: 0 : 21416, 12, 2023/04/26, 11:45:17.810, 89979581138, vstest.console.dll, InProgress is unit_tests.CreateInternshipValidatorTest.Version_Comment_Is_Empty_Should_Throw_Validation_Error
TpTrace Verbose: 0 : 21416, 12, 2023/04/26, 11:45:17.810, 89979582954, vstest.console.dll, MulticastDelegateUtilities.SafeInvoke: TestRun.RunStatsChanged: Invoking callbacks was skipped because there are no subscribers.
TpTrace Information: 0 : 21416, 12, 2023/04/26, 11:45:17.811, 89979584935, vstest.console.dll, TestRunRequest:SendTestRunStatsChange: Completed.
TpTrace Verbose: 0 : 21416, 4, 2023/04/26, 11:45:17.811, 89979583474, vstest.console.dll, MulticastDelegateUtilities.SafeInvoke: InternalTestLoggerEvents.SendTestResult: Invoking callback 1/1 for Microsoft.VisualStudio.TestPlatform.CommandLine.Internal.ConsoleLogger., took 0 ms.
TpTrace Verbose: 0 : 21416, 12, 2023/04/26, 11:45:17.811, 89979587107, vstest.console.dll, MulticastDelegateUtilities.SafeInvoke: LengthPrefixCommunicationChannel: MessageReceived: Invoking callback 1/1 for Microsoft.VisualStudio.TestPlatform.CommunicationUtilities.TestRequestSender+<>c__DisplayClass34_0., took 2 ms.
TpTrace Verbose: 0 : 21416, 4, 2023/04/26, 11:45:17.811, 89979590050, vstest.console.dll, MulticastDelegateUtilities.SafeInvoke: InternalTestLoggerEvents.SendTestResult: Invoking callback 1/1 for Microsoft.VisualStudio.TestPlatform.CommandLine.Internal.ConsoleLogger., took 0 ms.
TpTrace Verbose: 0 : 21416, 12, 2023/04/26, 11:45:17.811, 89979591700, vstest.console.dll, TcpClientExtensions.MessageLoopAsync: Polling on remoteEndPoint: 127.0.0.1:58703 localEndPoint: 127.0.0.1:58702
TpTrace Verbose: 0 : 21416, 4, 2023/04/26, 11:45:17.812, 89979596650, vstest.console.dll, MulticastDelegateUtilities.SafeInvoke: InternalTestLoggerEvents.SendTestResult: Invoking callback 1/1 for Microsoft.VisualStudio.TestPlatform.CommandLine.Internal.ConsoleLogger., took 0 ms.
TpTrace Verbose: 0 : 21416, 4, 2023/04/26, 11:45:17.812, 89979599891, vstest.console.dll, MulticastDelegateUtilities.SafeInvoke: InternalTestLoggerEvents.SendTestResult: Invoking callback 1/1 for Microsoft.VisualStudio.TestPlatform.CommandLine.Internal.ConsoleLogger., took 0 ms.
TpTrace Verbose: 0 : 21416, 4, 2023/04/26, 11:45:17.812, 89979601467, vstest.console.dll, MulticastDelegateUtilities.SafeInvoke: InternalTestLoggerEvents.SendTestResult: Invoking callback 1/1 for Microsoft.VisualStudio.TestPlatform.CommandLine.Internal.ConsoleLogger., took 0 ms.
TpTrace Verbose: 0 : 21416, 4, 2023/04/26, 11:45:17.813, 89979603845, vstest.console.dll, MulticastDelegateUtilities.SafeInvoke: InternalTestLoggerEvents.SendTestResult: Invoking callback 1/1 for Microsoft.VisualStudio.TestPlatform.CommandLine.Internal.ConsoleLogger., took 0 ms.
TpTrace Verbose: 0 : 21416, 4, 2023/04/26, 11:45:17.813, 89979606061, vstest.console.dll, MulticastDelegateUtilities.SafeInvoke: InternalTestLoggerEvents.SendTestResult: Invoking callback 1/1 for Microsoft.VisualStudio.TestPlatform.CommandLine.Internal.ConsoleLogger., took 0 ms.
TpTrace Verbose: 0 : 21416, 4, 2023/04/26, 11:45:17.813, 89979608233, vstest.console.dll, MulticastDelegateUtilities.SafeInvoke: InternalTestLoggerEvents.SendTestResult: Invoking callback 1/1 for Microsoft.VisualStudio.TestPlatform.CommandLine.Internal.ConsoleLogger., took 0 ms.
TpTrace Verbose: 0 : 21416, 4, 2023/04/26, 11:45:17.813, 89979610385, vstest.console.dll, MulticastDelegateUtilities.SafeInvoke: InternalTestLoggerEvents.SendTestResult: Invoking callback 1/1 for Microsoft.VisualStudio.TestPlatform.CommandLine.Internal.ConsoleLogger., took 0 ms.
TpTrace Verbose: 0 : 21416, 12, 2023/04/26, 11:45:17.822, 89979698786, vstest.console.dll, TcpClientExtensions.MessageLoopAsync: NotifyDataAvailable remoteEndPoint: 127.0.0.1:58703 localEndPoint: 127.0.0.1:58702
TpTrace Verbose: 0 : 21416, 12, 2023/04/26, 11:45:17.822, 89979702384, vstest.console.dll, TestRequestSender.OnExecutionMessageReceived: Received message: {"Version":7,"MessageType":"TestSession.Message","Payload":{"MessageLevel":0,"Message":"[xUnit.net 00:00:00.98]   Finished:    unit tests"}}
TpTrace Verbose: 0 : 21416, 12, 2023/04/26, 11:45:17.823, 89979705688, vstest.console.dll, TestRunRequest:SendTestRunMessage: Starting.
TpTrace Verbose: 0 : 21416, 12, 2023/04/26, 11:45:17.823, 89979708292, vstest.console.dll, MulticastDelegateUtilities.SafeInvoke: TestRun.LogMessages: Invoking callback 1/1 for Microsoft.VisualStudio.TestPlatform.CommandLine.TestRunResultAggregator., took 0 ms.
TpTrace Verbose: 0 : 21416, 4, 2023/04/26, 11:45:17.823, 89979708458, vstest.console.dll, MulticastDelegateUtilities.SafeInvoke: InternalTestLoggerEvents.SendTestRunMessage: Invoking callback 1/1 for Microsoft.VisualStudio.TestPlatform.CommandLine.Internal.ConsoleLogger., took 0 ms.
TpTrace Information: 0 : 21416, 12, 2023/04/26, 11:45:17.823, 89979710369, vstest.console.dll, TestRunRequest:SendTestRunMessage: Completed.
TpTrace Verbose: 0 : 21416, 12, 2023/04/26, 11:45:17.824, 89979714550, vstest.console.dll, MulticastDelegateUtilities.SafeInvoke: LengthPrefixCommunicationChannel: MessageReceived: Invoking callback 1/1 for Microsoft.VisualStudio.TestPlatform.CommunicationUtilities.TestRequestSender+<>c__DisplayClass34_0., took 1 ms.
TpTrace Verbose: 0 : 21416, 12, 2023/04/26, 11:45:17.824, 89979716648, vstest.console.dll, TcpClientExtensions.MessageLoopAsync: Polling on remoteEndPoint: 127.0.0.1:58703 localEndPoint: 127.0.0.1:58702
TpTrace Verbose: 0 : 21416, 12, 2023/04/26, 11:45:17.842, 89979894640, vstest.console.dll, TcpClientExtensions.MessageLoopAsync: NotifyDataAvailable remoteEndPoint: 127.0.0.1:58703 localEndPoint: 127.0.0.1:58702
TpTrace Verbose: 0 : 21416, 12, 2023/04/26, 11:45:17.848, 89979953858, vstest.console.dll, TestRequestSender.OnExecutionMessageReceived: Received message: {"Version":7,"MessageType":"TestExecution.Completed","Payload":{"TestRunCompleteArgs":{"TestRunStatistics":{"ExecutedTests":34,"Stats":{"Passed":34}},"IsCanceled":false,"IsAborted":false,"Error":null,"AttachmentSets":[],"InvokedDataCollectors":[],"ElapsedTimeInRunningTests":"00:00:00.9883077","Metrics":{},"DiscoveredExtensions":{"TestDiscoverers":["Xunit.Runner.VisualStudio.VsTestRunner, xunit.runner.visualstudio.dotnetcore.testadapter, Version=2.4.0.0, Culture=neutral, PublicKeyToken=8d05b1bb7a6fdb6c"],"TestExecutors":["executor://xunit/VsTestRunner2/netcoreapp"],"TestExecutors2":[],"TestSettingsProviders":[]}},"LastRunTests":{"NewTestResults":[{"TestCase":{"Id":"4e986e72-6cec-07c6-3244-5c77dfc3f1d2","FullyQualifiedName":"unit_tests.CreateInternshipValidatorTest.Version_Comment_Is_Empty_Should_Throw_Validation_Error","DisplayName":"unit_tests.CreateInternshipValidatorTest.Version_Comment_Is_Empty_Should_Throw_Validation_Error","ExecutorUri":"executor://xunit/VsTestRunner2/netcoreapp","Source":"C:\\Users\\RGTCP77\\project\\InternRApp\\backend\\backend\\unit tests\\bin\\Debug\\net7.0\\fine-code-coverage\\build-output\\unit tests.dll","CodeFilePath":null,"LineNumber":0,"Properties":[]},"Attachments":[],"Outcome":1,"ErrorMessage":null,"ErrorStackTrace":null,"DisplayName":"unit_tests.CreateInternshipValidatorTest.Version_Comment_Is_Empty_Should_Throw_Validation_Error","Messages":[],"ComputerName":"WP4680","Duration":"00:00:00.0013857","StartTime":"2023-04-26T09:45:17.8102826+00:00","EndTime":"2023-04-26T09:45:17.8102827+00:00","Properties":[]},{"TestCase":{"Id":"541b1079-70fc-8fa7-3c1c-4b41ec33fcc3","FullyQualifiedName":"unit_tests.CreateInternshipValidatorTest.Version_Description_Is_Empty_Should_Throw_Validation_Error","DisplayName":"unit_tests.CreateInternshipValidatorTest.Version_Description_Is_Empty_Should_Throw_Validation_Error","ExecutorUri":"executor://xunit/VsTestRunner2/netcoreapp","Source":"C:\\Users\\RGTCP77\\project\\InternRApp\\backend\\backend\\unit tests\\bin\\Debug\\net7.0\\fine-code-coverage\\build-output\\unit tests.dll","CodeFilePath":null,"LineNumber":0,"Properties":[]},"Attachments":[],"Outcome":1,"ErrorMessage":null,"ErrorStackTrace":null,"DisplayName":"unit_tests.CreateInternshipValidatorTest.Version_Description_Is_Empty_Should_Throw_Validation_Error","Messages":[],"ComputerName":"WP4680","Duration":"00:00:00.0010903","StartTime":"2023-04-26T09:45:17.8152593+00:00","EndTime":"2023-04-26T09:45:17.8152595+00:00","Properties":[]},{"TestCase":{"Id":"33fd58e2-d8b1-f0c2-d877-c23194b671d4","FullyQualifiedName":"unit_tests.CreateInternshipValidatorTest.Locations_Is_Null_Empty_Throw_Validation_Error","DisplayName":"unit_tests.CreateInternshipValidatorTest.Locations_Is_Null_Empty_Throw_Validation_Error","ExecutorUri":"executor://xunit/VsTestRunner2/netcoreapp","Source":"C:\\Users\\RGTCP77\\project\\InternRApp\\backend\\backend\\unit tests\\bin\\Debug\\net7.0\\fine-code-coverage\\build-output\\unit tests.dll","CodeFilePath":null,"LineNumber":0,"Properties":[]},"Attachments":[],"Outcome":1,"ErrorMessage":null,"ErrorStackTrace":null,"DisplayName":"unit_tests.CreateInternshipValidatorTest.Locations_Is_Null_Empty_Throw_Validation_Error","Messages":[],"ComputerName":"WP4680","Duration":"00:00:00.0010759","StartTime":"2023-04-26T09:45:17.8187193+00:00","EndTime":"2023-04-26T09:45:17.8187194+00:00","Properties":[]}],"TestRunStatistics":{"ExecutedTests":34,"Stats":{"Passed":34}},"ActiveTests":[]},"RunAttachments":[],"ExecutorUris":["executor://xunit/VsTestRunner2/netcoreapp"]}}
TpTrace Verbose: 0 : 21416, 12, 2023/04/26, 11:45:17.848, 89979959900, vstest.console.dll, TestRequestSender.EndSession: Sending end session.
TpTrace Verbose: 0 : 21416, 12, 2023/04/26, 11:45:17.849, 89979963808, vstest.console.dll, ProxyOperationManager.Close: waiting for test host to exit for 100 ms
TpTrace Warning: 0 : 21416, 11, 2023/04/26, 11:45:17.870, 89980178502, vstest.console.dll, TestHostManagerCallbacks.ErrorReceivedCallback Test host standard error line: 
TpTrace Verbose: 0 : 21416, 11, 2023/04/26, 11:45:17.889, 89980370746, vstest.console.dll, TestHostProvider.ExitCallBack: Host exited starting callback.
TpTrace Information: 0 : 21416, 11, 2023/04/26, 11:45:17.890, 89980375687, vstest.console.dll, TestHostManagerCallbacks.ExitCallBack: Testhost processId: 4692 exited with exitcode: 0 error: ''
TpTrace Verbose: 0 : 21416, 11, 2023/04/26, 11:45:17.890, 89980381153, vstest.console.dll, DotnetTestHostManager.OnHostExited: invoking OnHostExited callback
TpTrace Verbose: 0 : 21416, 11, 2023/04/26, 11:45:17.890, 89980382989, vstest.console.dll, CrossPlatEngine.TestHostManagerHostExited: calling on client process exit callback.
TpTrace Information: 0 : 21416, 11, 2023/04/26, 11:45:17.891, 89980384699, vstest.console.dll, TestRequestSender.OnClientProcessExit: Test host process exited. Standard error: 
TpTrace Information: 0 : 21416, 12, 2023/04/26, 11:45:17.891, 89980385871, vstest.console.dll, SocketServer.Stop: Stop server endPoint: 127.0.0.1:58702
TpTrace Information: 0 : 21416, 11, 2023/04/26, 11:45:17.891, 89980387061, vstest.console.dll, SocketServer.Stop: Stop server endPoint: 127.0.0.1:58702
TpTrace Information: 0 : 21416, 12, 2023/04/26, 11:45:17.891, 89980388674, vstest.console.dll, SocketServer.Stop: Cancellation requested. Stopping message loop.
TpTrace Information: 0 : 21416, 11, 2023/04/26, 11:45:17.891, 89980390847, vstest.console.dll, SocketServer.Stop: Cancellation requested. Stopping message loop.
TpTrace Information: 0 : 21416, 12, 2023/04/26, 11:45:17.892, 89980393509, vstest.console.dll, Closing the connection
TpTrace Verbose: 0 : 21416, 11, 2023/04/26, 11:45:17.892, 89980394572, vstest.console.dll, MulticastDelegateUtilities.SafeInvoke: HostProviderEvents.OnHostExited: Invoking callback 1/1 for Microsoft.VisualStudio.TestPlatform.CrossPlatEngine.Client.ProxyOperationManager., took 1 ms.
TpTrace Verbose: 0 : 21416, 12, 2023/04/26, 11:45:17.892, 89980399916, vstest.console.dll, ProxyDataCollectionManager.InvokeDataCollectionServiceAction: Starting.
TpTrace Information: 0 : 21416, 12, 2023/04/26, 11:45:17.892, 89980401755, vstest.console.dll, ProxyDataCollectionManager.AfterTestRunEnd: Get attachment set and invoked data collectors processId: 18108 port: 58699
TpTrace Verbose: 0 : 21416, 12, 2023/04/26, 11:45:17.893, 89980403400, vstest.console.dll, DataCollectionRequestSender.SendAfterTestRunStartAndGetResult: Send AfterTestRunEnd message with isCancelled: False
TpTrace Verbose: 0 : 21416, 12, 2023/04/26, 11:45:17.901, 89980489017, vstest.console.dll, DataCollectionRequestSender.SendAfterTestRunStartAndGetResult: Received message: (DataCollection.AfterTestRunEndResult) -> {"MessageType":"DataCollection.AfterTestRunEndResult","Payload":{"AttachmentSets":[],"InvokedDataCollectors":[{"Uri":"datacollector://Microsoft/TestPlatform/Extensions/Blame/v1","FriendlyName":"Blame","AssemblyQualifiedName":"Microsoft.TestPlatform.Extensions.BlameDataCollector.BlameCollector, Microsoft.TestPlatform.Extensions.BlameDataCollector, Version=15.0.0.0, Culture=neutral, PublicKeyToken=b03f5f7f11d50a3a","FilePath":"C:\\Program Files\\dotnet\\sdk\\7.0.203\\Extensions\\Microsoft.TestPlatform.Extensions.BlameDataCollector.dll","HasAttachmentProcessor":false}],"Metrics":{}}}
TpTrace Information: 0 : 21416, 12, 2023/04/26, 11:45:17.906, 89980538750, vstest.console.dll, ProxyDataCollectionManager.InvokeDataCollectionServiceAction: Completed.
TpTrace Warning: 0 : 21416, 9, 2023/04/26, 11:45:17.908, 89980560457, vstest.console.dll, DataCollectionLauncher.ErrorReceivedCallback datacollector standard error line: 
TpTrace Information: 0 : 21416, 9, 2023/04/26, 11:45:17.916, 89980640724, vstest.console.dll, DataCollectionLauncher.ExitCallBack: Data collector exited with exitcode: 0 error: ''
TpTrace Verbose: 0 : 21416, 12, 2023/04/26, 11:45:17.939, 89980872380, vstest.console.dll, TestRunRequest:SendTestRunStatsChange: Starting.
TpTrace Verbose: 0 : 21416, 12, 2023/04/26, 11:45:17.940, 89980875464, vstest.console.dll, MulticastDelegateUtilities.SafeInvoke: TestRun.RunStatsChanged: Invoking callbacks was skipped because there are no subscribers.
TpTrace Information: 0 : 21416, 12, 2023/04/26, 11:45:17.940, 89980877174, vstest.console.dll, TestRunRequest:SendTestRunStatsChange: Completed.
TpTrace Verbose: 0 : 21416, 4, 2023/04/26, 11:45:17.940, 89980876244, vstest.console.dll, MulticastDelegateUtilities.SafeInvoke: InternalTestLoggerEvents.SendTestResult: Invoking callback 1/1 for Microsoft.VisualStudio.TestPlatform.CommandLine.Internal.ConsoleLogger., took 0 ms.
TpTrace Verbose: 0 : 21416, 4, 2023/04/26, 11:45:17.940, 89980882473, vstest.console.dll, MulticastDelegateUtilities.SafeInvoke: InternalTestLoggerEvents.SendTestResult: Invoking callback 1/1 for Microsoft.VisualStudio.TestPlatform.CommandLine.Internal.ConsoleLogger., took 0 ms.
TpTrace Verbose: 0 : 21416, 12, 2023/04/26, 11:45:17.941, 89980884123, vstest.console.dll, ParallelProxyExecutionManager: HandlePartialRunComplete: Total completed clients = 1, Run complete = True, Run canceled: False.
TpTrace Verbose: 0 : 21416, 4, 2023/04/26, 11:45:17.941, 89980885076, vstest.console.dll, MulticastDelegateUtilities.SafeInvoke: InternalTestLoggerEvents.SendTestResult: Invoking callback 1/1 for Microsoft.VisualStudio.TestPlatform.CommandLine.Internal.ConsoleLogger., took 0 ms.
TpTrace Verbose: 0 : 21416, 4, 2023/04/26, 11:45:17.950, 89980974791, vstest.console.dll, MulticastDelegateUtilities.SafeInvoke: InternalTestLoggerEvents.SendTestRunComplete: Invoking callback 1/2 for Microsoft.TestPlatform.Extensions.BlameDataCollector.BlameLogger., took 0 ms.
TpTrace Verbose: 0 : 21416, 4, 2023/04/26, 11:45:17.957, 89981043418, vstest.console.dll, MulticastDelegateUtilities.SafeInvoke: InternalTestLoggerEvents.SendTestRunComplete: Invoking callback 2/2 for Microsoft.VisualStudio.TestPlatform.CommandLine.Internal.ConsoleLogger., took 6 ms.
TpTrace Verbose: 0 : 21416, 12, 2023/04/26, 11:45:17.957, 89981048666, vstest.console.dll, TestRunRequest:TestRunComplete: Starting. IsAborted:False IsCanceled:False.
TpTrace Verbose: 0 : 21416, 12, 2023/04/26, 11:45:17.958, 89981062235, vstest.console.dll, TestLoggerManager.HandleTestRunComplete: Ignoring as the object is disposed.
TpTrace Verbose: 0 : 21416, 12, 2023/04/26, 11:45:17.959, 89981065773, vstest.console.dll, MulticastDelegateUtilities.SafeInvoke: TestRun.TestRunComplete: Invoking callback 1/2 for Microsoft.VisualStudio.TestPlatform.CommandLine.TestRunResultAggregator., took 0 ms.
TpTrace Verbose: 0 : 21416, 12, 2023/04/26, 11:45:17.959, 89981068878, vstest.console.dll, MulticastDelegateUtilities.SafeInvoke: TestRun.TestRunComplete: Invoking callback 2/2 for Microsoft.VisualStudio.TestPlatform.CommandLine.Processors.RunTestsArgumentExecutor+TestRunRequestEventsRegistrar., took 0 ms.
TpTrace Information: 0 : 21416, 12, 2023/04/26, 11:45:17.959, 89981071128, vstest.console.dll, TestRunRequest:TestRunComplete: Completed.
TpTrace Verbose: 0 : 21416, 1, 2023/04/26, 11:45:17.959, 89981072110, vstest.console.dll, TestRunRequest.Dispose: Starting.
TpTrace Verbose: 0 : 21416, 12, 2023/04/26, 11:45:17.960, 89981073030, vstest.console.dll, TestRequestSender.SetOperationComplete: Setting operation complete.
TpTrace Information: 0 : 21416, 12, 2023/04/26, 11:45:17.960, 89981076552, vstest.console.dll, SocketServer.Stop: Stop server endPoint: 127.0.0.1:58702
TpTrace Information: 0 : 21416, 12, 2023/04/26, 11:45:17.960, 89981078027, vstest.console.dll, SocketServer.Stop: Cancellation requested. Stopping message loop.
TpTrace Information: 0 : 21416, 1, 2023/04/26, 11:45:17.960, 89981074997, vstest.console.dll, TestRunRequest.Dispose: Completed.
TpTrace Verbose: 0 : 21416, 12, 2023/04/26, 11:45:17.960, 89981079613, vstest.console.dll, MulticastDelegateUtilities.SafeInvoke: LengthPrefixCommunicationChannel: MessageReceived: Invoking callback 1/1 for Microsoft.VisualStudio.TestPlatform.CommunicationUtilities.TestRequestSender+<>c__DisplayClass34_0., took 117 ms.
TpTrace Information: 0 : 21416, 1, 2023/04/26, 11:45:17.961, 89981083282, vstest.console.dll, TestRequestManager.RunTests: run tests completed.
TpTrace Information: 0 : 21416, 12, 2023/04/26, 11:45:17.961, 89981085226, vstest.console.dll, SocketServer.PrivateStop: Stopping server endPoint: 127.0.0.1:58702 error: 
TpTrace Information: 0 : 21416, 1, 2023/04/26, 11:45:17.961, 89981088587, vstest.console.dll, RunTestsArgumentProcessor:Execute: Test run is completed.
TpTrace Verbose: 0 : 21416, 12, 2023/04/26, 11:45:17.961, 89981092423, vstest.console.dll, LengthPrefixCommunicationChannel.Dispose: Dispose reader and writer.
TpTrace Verbose: 0 : 21416, 1, 2023/04/26, 11:45:17.961, 89981092480, vstest.console.dll, Executor.Execute: Exiting with exit code of 0
TpTrace Information: 0 : 21416, 12, 2023/04/26, 11:45:17.962, 89981094445, vstest.console.dll, SocketServer.Stop: Raise disconnected event endPoint: 127.0.0.1:58702 error: 
TpTrace Verbose: 0 : 21416, 12, 2023/04/26, 11:45:17.962, 89981098467, vstest.console.dll, TestRequestSender: OnTestRunAbort: Operation is already complete. Skip error message.
TpTrace Verbose: 0 : 21416, 12, 2023/04/26, 11:45:17.962, 89981100164, vstest.console.dll, MulticastDelegateUtilities.SafeInvoke: SocketServer: ClientDisconnected: Invoking callback 1/1 for Microsoft.VisualStudio.TestPlatform.CommunicationUtilities.TestRequestSender., took 0 ms.
TpTrace Verbose: 0 : 21416, 12, 2023/04/26, 11:45:17.962, 89981101566, vstest.console.dll, TcpClientExtensions.MessageLoopAsync: exiting MessageLoopAsync remoteEndPoint: 127.0.0.1:58703 localEndPoint: 127.0.0.1:58702
